Warning: You are sending unauthenticated requests to the HF Hub. Please set a HF_TOKEN to enable higher rate limits and faster downloads.
loading 5000 hotpotqa instances, taking [0:5000]...
loaded 5000; answer-grounded best-of-4 (keep if best answer-F1 >= 0.5), 96 workers...
  [10/5000] kept=9 dropped(low ans-F1)=1 err=0
  [20/5000] kept=17 dropped(low ans-F1)=3 err=0
  [30/5000] kept=26 dropped(low ans-F1)=4 err=0
  [40/5000] kept=36 dropped(low ans-F1)=4 err=0
  [50/5000] kept=45 dropped(low ans-F1)=5 err=0
  [60/5000] kept=55 dropped(low ans-F1)=5 err=0
  [70/5000] kept=65 dropped(low ans-F1)=5 err=0
  [80/5000] kept=75 dropped(low ans-F1)=5 err=0
  [90/5000] kept=83 dropped(low ans-F1)=7 err=0
  [100/5000] kept=93 dropped(low ans-F1)=7 err=0
  [110/5000] kept=103 dropped(low ans-F1)=7 err=0
  [120/5000] kept=111 dropped(low ans-F1)=9 err=0
  [130/5000] kept=119 dropped(low ans-F1)=11 err=0
  [140/5000] kept=129 dropped(low ans-F1)=11 err=0
  [150/5000] kept=139 dropped(low ans-F1)=11 err=0
  [160/5000] kept=148 dropped(low ans-F1)=12 err=0
  [170/5000] kept=158 dropped(low ans-F1)=12 err=0
  [180/5000] kept=168 dropped(low ans-F1)=12 err=0
  [190/5000] kept=177 dropped(low ans-F1)=13 err=0
  [200/5000] kept=187 dropped(low ans-F1)=13 err=0
  [210/5000] kept=196 dropped(low ans-F1)=14 err=0
  [220/5000] kept=206 dropped(low ans-F1)=14 err=0
  [230/5000] kept=214 dropped(low ans-F1)=16 err=0
  [240/5000] kept=222 dropped(low ans-F1)=18 err=0
  [250/5000] kept=231 dropped(low ans-F1)=19 err=0
  [260/5000] kept=239 dropped(low ans-F1)=21 err=0
  [270/5000] kept=247 dropped(low ans-F1)=23 err=0
  [280/5000] kept=255 dropped(low ans-F1)=25 err=0
  [290/5000] kept=263 dropped(low ans-F1)=27 err=0
  [300/5000] kept=273 dropped(low ans-F1)=27 err=0
  [310/5000] kept=280 dropped(low ans-F1)=30 err=0
  [320/5000] kept=289 dropped(low ans-F1)=31 err=0
  [330/5000] kept=298 dropped(low ans-F1)=32 err=0
  [340/5000] kept=308 dropped(low ans-F1)=32 err=0
  [350/5000] kept=316 dropped(low ans-F1)=34 err=0
  [360/5000] kept=325 dropped(low ans-F1)=35 err=0
  [370/5000] kept=333 dropped(low ans-F1)=37 err=0
  [380/5000] kept=339 dropped(low ans-F1)=41 err=0
  [390/5000] kept=348 dropped(low ans-F1)=42 err=0
  [400/5000] kept=355 dropped(low ans-F1)=45 err=0
  [410/5000] kept=365 dropped(low ans-F1)=45 err=0
  [420/5000] kept=374 dropped(low ans-F1)=46 err=0
  [430/5000] kept=382 dropped(low ans-F1)=48 err=0
  [440/5000] kept=391 dropped(low ans-F1)=49 err=0
  [450/5000] kept=400 dropped(low ans-F1)=50 err=0
  [460/5000] kept=409 dropped(low ans-F1)=51 err=0
  [470/5000] kept=416 dropped(low ans-F1)=54 err=0
  [480/5000] kept=424 dropped(low ans-F1)=56 err=0
  [490/5000] kept=431 dropped(low ans-F1)=59 err=0
  [500/5000] kept=439 dropped(low ans-F1)=61 err=0
  [510/5000] kept=449 dropped(low ans-F1)=61 err=0
  [520/5000] kept=459 dropped(low ans-F1)=61 err=0
  [530/5000] kept=469 dropped(low ans-F1)=61 err=0
  [540/5000] kept=477 dropped(low ans-F1)=63 err=0
  [550/5000] kept=486 dropped(low ans-F1)=64 err=0
  [560/5000] kept=496 dropped(low ans-F1)=64 err=0
  [570/5000] kept=504 dropped(low ans-F1)=66 err=0
  [580/5000] kept=513 dropped(low ans-F1)=67 err=0
  [590/5000] kept=522 dropped(low ans-F1)=68 err=0
  [600/5000] kept=530 dropped(low ans-F1)=70 err=0
  [610/5000] kept=539 dropped(low ans-F1)=71 err=0
  [620/5000] kept=548 dropped(low ans-F1)=72 err=0
  [630/5000] kept=558 dropped(low ans-F1)=72 err=0
  [640/5000] kept=567 dropped(low ans-F1)=73 err=0
  [650/5000] kept=575 dropped(low ans-F1)=75 err=0
  [660/5000] kept=585 dropped(low ans-F1)=75 err=0
  [670/5000] kept=594 dropped(low ans-F1)=76 err=0
  [680/5000] kept=604 dropped(low ans-F1)=76 err=0
  [690/5000] kept=613 dropped(low ans-F1)=77 err=0
  [700/5000] kept=620 dropped(low ans-F1)=80 err=0
  [710/5000] kept=628 dropped(low ans-F1)=82 err=0
  [720/5000] kept=636 dropped(low ans-F1)=84 err=0
  [730/5000] kept=645 dropped(low ans-F1)=85 err=0
  [740/5000] kept=653 dropped(low ans-F1)=87 err=0
  [750/5000] kept=663 dropped(low ans-F1)=87 err=0
  [760/5000] kept=671 dropped(low ans-F1)=89 err=0
  [770/5000] kept=681 dropped(low ans-F1)=89 err=0
  [780/5000] kept=689 dropped(low ans-F1)=91 err=0
  [790/5000] kept=697 dropped(low ans-F1)=93 err=0
  [800/5000] kept=707 dropped(low ans-F1)=93 err=0
  [810/5000] kept=715 dropped(low ans-F1)=95 err=0
  [820/5000] kept=725 dropped(low ans-F1)=95 err=0
  [830/5000] kept=734 dropped(low ans-F1)=96 err=0
  [840/5000] kept=742 dropped(low ans-F1)=98 err=0
  [850/5000] kept=752 dropped(low ans-F1)=98 err=0
  [860/5000] kept=761 dropped(low ans-F1)=99 err=0
  [870/5000] kept=771 dropped(low ans-F1)=99 err=0
  [880/5000] kept=780 dropped(low ans-F1)=100 err=0
  [890/5000] kept=789 dropped(low ans-F1)=101 err=0
  [900/5000] kept=798 dropped(low ans-F1)=102 err=0
  [910/5000] kept=806 dropped(low ans-F1)=104 err=0
  [920/5000] kept=815 dropped(low ans-F1)=105 err=0
  [930/5000] kept=824 dropped(low ans-F1)=106 err=0
  [940/5000] kept=833 dropped(low ans-F1)=107 err=0
  [950/5000] kept=842 dropped(low ans-F1)=108 err=0
  [960/5000] kept=851 dropped(low ans-F1)=109 err=0
  [970/5000] kept=860 dropped(low ans-F1)=110 err=0
  [980/5000] kept=867 dropped(low ans-F1)=113 err=0
  [990/5000] kept=877 dropped(low ans-F1)=113 err=0
  [1000/5000] kept=884 dropped(low ans-F1)=116 err=0
  [1010/5000] kept=893 dropped(low ans-F1)=117 err=0
  [1020/5000] kept=901 dropped(low ans-F1)=119 err=0
  [1030/5000] kept=911 dropped(low ans-F1)=119 err=0
  [1040/5000] kept=920 dropped(low ans-F1)=120 err=0
  [1050/5000] kept=928 dropped(low ans-F1)=122 err=0
  [1060/5000] kept=937 dropped(low ans-F1)=123 err=0
  [1070/5000] kept=947 dropped(low ans-F1)=123 err=0
  [1080/5000] kept=956 dropped(low ans-F1)=124 err=0
  [1090/5000] kept=964 dropped(low ans-F1)=126 err=0
  [1100/5000] kept=971 dropped(low ans-F1)=129 err=0
  [1110/5000] kept=980 dropped(low ans-F1)=130 err=0
  [1120/5000] kept=988 dropped(low ans-F1)=132 err=0
  [1130/5000] kept=996 dropped(low ans-F1)=134 err=0
  [1140/5000] kept=1006 dropped(low ans-F1)=134 err=0
  [1150/5000] kept=1015 dropped(low ans-F1)=135 err=0
  [1160/5000] kept=1024 dropped(low ans-F1)=136 err=0
  [1170/5000] kept=1032 dropped(low ans-F1)=138 err=0
  [1180/5000] kept=1042 dropped(low ans-F1)=138 err=0
  [1190/5000] kept=1051 dropped(low ans-F1)=139 err=0
  [1200/5000] kept=1058 dropped(low ans-F1)=142 err=0
  [1210/5000] kept=1068 dropped(low ans-F1)=142 err=0
  [1220/5000] kept=1078 dropped(low ans-F1)=142 err=0
  [1230/5000] kept=1087 dropped(low ans-F1)=143 err=0
  [1240/5000] kept=1097 dropped(low ans-F1)=143 err=0
  [1250/5000] kept=1104 dropped(low ans-F1)=146 err=0
  [1260/5000] kept=1112 dropped(low ans-F1)=148 err=0
  [1270/5000] kept=1121 dropped(low ans-F1)=149 err=0
  [1280/5000] kept=1130 dropped(low ans-F1)=150 err=0
  [1290/5000] kept=1139 dropped(low ans-F1)=151 err=0
  [1300/5000] kept=1148 dropped(low ans-F1)=152 err=0
  [1310/5000] kept=1156 dropped(low ans-F1)=154 err=0
  [1320/5000] kept=1164 dropped(low ans-F1)=156 err=0
  [1330/5000] kept=1173 dropped(low ans-F1)=157 err=0
  [1340/5000] kept=1183 dropped(low ans-F1)=157 err=0
  [1350/5000] kept=1191 dropped(low ans-F1)=159 err=0
  [1360/5000] kept=1201 dropped(low ans-F1)=159 err=0
  [1370/5000] kept=1207 dropped(low ans-F1)=163 err=0
  [1380/5000] kept=1214 dropped(low ans-F1)=166 err=0
  [1390/5000] kept=1223 dropped(low ans-F1)=167 err=0
  [1400/5000] kept=1232 dropped(low ans-F1)=168 err=0
  [1410/5000] kept=1239 dropped(low ans-F1)=171 err=0
  [1420/5000] kept=1248 dropped(low ans-F1)=172 err=0
  [1430/5000] kept=1258 dropped(low ans-F1)=172 err=0
  [1440/5000] kept=1262 dropped(low ans-F1)=178 err=0
  [1450/5000] kept=1271 dropped(low ans-F1)=179 err=0
  [1460/5000] kept=1281 dropped(low ans-F1)=179 err=0
  [1470/5000] kept=1291 dropped(low ans-F1)=179 err=0
  [1480/5000] kept=1300 dropped(low ans-F1)=180 err=0
  [1490/5000] kept=1307 dropped(low ans-F1)=183 err=0
  [1500/5000] kept=1316 dropped(low ans-F1)=184 err=0
  [1510/5000] kept=1325 dropped(low ans-F1)=185 err=0
  [1520/5000] kept=1335 dropped(low ans-F1)=185 err=0
  [1530/5000] kept=1345 dropped(low ans-F1)=185 err=0
  [1540/5000] kept=1355 dropped(low ans-F1)=185 err=0
  [1550/5000] kept=1364 dropped(low ans-F1)=186 err=0
  [1560/5000] kept=1371 dropped(low ans-F1)=189 err=0
  [1570/5000] kept=1381 dropped(low ans-F1)=189 err=0
  [1580/5000] kept=1390 dropped(low ans-F1)=190 err=0
  [1590/5000] kept=1399 dropped(low ans-F1)=191 err=0
  [1600/5000] kept=1408 dropped(low ans-F1)=192 err=0
  [1610/5000] kept=1417 dropped(low ans-F1)=193 err=0
  [1620/5000] kept=1426 dropped(low ans-F1)=194 err=0
  [1630/5000] kept=1435 dropped(low ans-F1)=195 err=0
  [1640/5000] kept=1445 dropped(low ans-F1)=195 err=0
  [1650/5000] kept=1454 dropped(low ans-F1)=196 err=0
  [1660/5000] kept=1463 dropped(low ans-F1)=197 err=0
  [1670/5000] kept=1473 dropped(low ans-F1)=197 err=0
  [1680/5000] kept=1482 dropped(low ans-F1)=198 err=0
  [1690/5000] kept=1491 dropped(low ans-F1)=199 err=0
  [1700/5000] kept=1499 dropped(low ans-F1)=201 err=0
  [1710/5000] kept=1509 dropped(low ans-F1)=201 err=0
  [1720/5000] kept=1518 dropped(low ans-F1)=202 err=0
  [1730/5000] kept=1528 dropped(low ans-F1)=202 err=0
  [1740/5000] kept=1535 dropped(low ans-F1)=205 err=0
  [1750/5000] kept=1544 dropped(low ans-F1)=206 err=0
  [1760/5000] kept=1554 dropped(low ans-F1)=206 err=0
  [1770/5000] kept=1562 dropped(low ans-F1)=208 err=0
  [1780/5000] kept=1570 dropped(low ans-F1)=210 err=0
  [1790/5000] kept=1578 dropped(low ans-F1)=212 err=0
  [1800/5000] kept=1586 dropped(low ans-F1)=214 err=0
  [1810/5000] kept=1595 dropped(low ans-F1)=215 err=0
  [1820/5000] kept=1601 dropped(low ans-F1)=219 err=0
  [1830/5000] kept=1610 dropped(low ans-F1)=220 err=0
  [1840/5000] kept=1618 dropped(low ans-F1)=222 err=0
  [1850/5000] kept=1628 dropped(low ans-F1)=222 err=0
  [1860/5000] kept=1637 dropped(low ans-F1)=223 err=0
  [1870/5000] kept=1646 dropped(low ans-F1)=224 err=0
  [1880/5000] kept=1654 dropped(low ans-F1)=226 err=0
  [1890/5000] kept=1663 dropped(low ans-F1)=227 err=0
  [1900/5000] kept=1669 dropped(low ans-F1)=231 err=0
  [1910/5000] kept=1678 dropped(low ans-F1)=232 err=0
  [1920/5000] kept=1687 dropped(low ans-F1)=233 err=0
  [1930/5000] kept=1696 dropped(low ans-F1)=234 err=0
  [1940/5000] kept=1706 dropped(low ans-F1)=234 err=0
  [1950/5000] kept=1716 dropped(low ans-F1)=234 err=0
  [1960/5000] kept=1725 dropped(low ans-F1)=235 err=0
  [1970/5000] kept=1734 dropped(low ans-F1)=236 err=0
  [1980/5000] kept=1742 dropped(low ans-F1)=238 err=0
  [1990/5000] kept=1750 dropped(low ans-F1)=240 err=0
  [2000/5000] kept=1760 dropped(low ans-F1)=240 err=0
  [2010/5000] kept=1770 dropped(low ans-F1)=240 err=0
  [2020/5000] kept=1777 dropped(low ans-F1)=243 err=0
  [2030/5000] kept=1785 dropped(low ans-F1)=245 err=0
  [2040/5000] kept=1794 dropped(low ans-F1)=246 err=0
  [2050/5000] kept=1803 dropped(low ans-F1)=247 err=0
  [2060/5000] kept=1812 dropped(low ans-F1)=248 err=0
  [2070/5000] kept=1820 dropped(low ans-F1)=250 err=0
  [2080/5000] kept=1829 dropped(low ans-F1)=251 err=0
  [2090/5000] kept=1838 dropped(low ans-F1)=252 err=0
  [2100/5000] kept=1846 dropped(low ans-F1)=254 err=0
  [2110/5000] kept=1853 dropped(low ans-F1)=257 err=0
  [2120/5000] kept=1862 dropped(low ans-F1)=258 err=0
  [2130/5000] kept=1871 dropped(low ans-F1)=259 err=0
  [2140/5000] kept=1881 dropped(low ans-F1)=259 err=0
  [2150/5000] kept=1891 dropped(low ans-F1)=259 err=0
  [2160/5000] kept=1900 dropped(low ans-F1)=260 err=0
  [2170/5000] kept=1907 dropped(low ans-F1)=263 err=0
  [2180/5000] kept=1915 dropped(low ans-F1)=265 err=0
  [2190/5000] kept=1924 dropped(low ans-F1)=266 err=0
  [2200/5000] kept=1933 dropped(low ans-F1)=267 err=0
  [2210/5000] kept=1943 dropped(low ans-F1)=267 err=0
  [2220/5000] kept=1952 dropped(low ans-F1)=268 err=0
  [2230/5000] kept=1960 dropped(low ans-F1)=270 err=0
  [2240/5000] kept=1969 dropped(low ans-F1)=271 err=0
  [2250/5000] kept=1978 dropped(low ans-F1)=272 err=0
  [2260/5000] kept=1986 dropped(low ans-F1)=274 err=0
  [2270/5000] kept=1996 dropped(low ans-F1)=274 err=0
  [2280/5000] kept=2005 dropped(low ans-F1)=275 err=0
  [2290/5000] kept=2015 dropped(low ans-F1)=275 err=0
  [2300/5000] kept=2023 dropped(low ans-F1)=277 err=0
  [2310/5000] kept=2032 dropped(low ans-F1)=278 err=0
  [2320/5000] kept=2041 dropped(low ans-F1)=279 err=0
  [2330/5000] kept=2050 dropped(low ans-F1)=280 err=0
  [2340/5000] kept=2058 dropped(low ans-F1)=282 err=0
  [2350/5000] kept=2067 dropped(low ans-F1)=283 err=0
  [2360/5000] kept=2076 dropped(low ans-F1)=284 err=0
  [2370/5000] kept=2086 dropped(low ans-F1)=284 err=0
  [2380/5000] kept=2096 dropped(low ans-F1)=284 err=0
  [2390/5000] kept=2104 dropped(low ans-F1)=286 err=0
  [2400/5000] kept=2114 dropped(low ans-F1)=286 err=0
  [2410/5000] kept=2123 dropped(low ans-F1)=287 err=0
  [2420/5000] kept=2132 dropped(low ans-F1)=288 err=0
  [2430/5000] kept=2140 dropped(low ans-F1)=290 err=0
  [2440/5000] kept=2148 dropped(low ans-F1)=292 err=0
  [2450/5000] kept=2155 dropped(low ans-F1)=295 err=0
  [2460/5000] kept=2162 dropped(low ans-F1)=298 err=0
  [2470/5000] kept=2171 dropped(low ans-F1)=299 err=0
  [2480/5000] kept=2179 dropped(low ans-F1)=301 err=0
  [2490/5000] kept=2186 dropped(low ans-F1)=304 err=0
  [2500/5000] kept=2193 dropped(low ans-F1)=307 err=0
  [2510/5000] kept=2203 dropped(low ans-F1)=307 err=0
  [2520/5000] kept=2212 dropped(low ans-F1)=308 err=0
  [2530/5000] kept=2220 dropped(low ans-F1)=310 err=0
  [2540/5000] kept=2228 dropped(low ans-F1)=312 err=0
  [2550/5000] kept=2238 dropped(low ans-F1)=312 err=0
  [2560/5000] kept=2247 dropped(low ans-F1)=313 err=0
  [2570/5000] kept=2257 dropped(low ans-F1)=313 err=0
  [2580/5000] kept=2267 dropped(low ans-F1)=313 err=0
  [2590/5000] kept=2276 dropped(low ans-F1)=314 err=0
  [2600/5000] kept=2286 dropped(low ans-F1)=314 err=0
  [2610/5000] kept=2295 dropped(low ans-F1)=315 err=0
  [2620/5000] kept=2305 dropped(low ans-F1)=315 err=0
  [2630/5000] kept=2315 dropped(low ans-F1)=315 err=0
  [2640/5000] kept=2325 dropped(low ans-F1)=315 err=0
  [2650/5000] kept=2335 dropped(low ans-F1)=315 err=0
  [2660/5000] kept=2344 dropped(low ans-F1)=316 err=0
  [2670/5000] kept=2353 dropped(low ans-F1)=317 err=0
  [2680/5000] kept=2361 dropped(low ans-F1)=319 err=0
  [2690/5000] kept=2369 dropped(low ans-F1)=321 err=0
  [2700/5000] kept=2377 dropped(low ans-F1)=323 err=0
  [2710/5000] kept=2384 dropped(low ans-F1)=326 err=0
  [2720/5000] kept=2394 dropped(low ans-F1)=326 err=0
  [2730/5000] kept=2403 dropped(low ans-F1)=327 err=0
  [2740/5000] kept=2411 dropped(low ans-F1)=329 err=0
  [2750/5000] kept=2419 dropped(low ans-F1)=331 err=0
  [2760/5000] kept=2428 dropped(low ans-F1)=332 err=0
  [2770/5000] kept=2436 dropped(low ans-F1)=334 err=0
  [2780/5000] kept=2444 dropped(low ans-F1)=336 err=0
  [2790/5000] kept=2453 dropped(low ans-F1)=337 err=0
  [2800/5000] kept=2461 dropped(low ans-F1)=339 err=0
  [2810/5000] kept=2470 dropped(low ans-F1)=340 err=0
  [2820/5000] kept=2480 dropped(low ans-F1)=340 err=0
  [2830/5000] kept=2490 dropped(low ans-F1)=340 err=0
  [2840/5000] kept=2498 dropped(low ans-F1)=342 err=0
  [2850/5000] kept=2507 dropped(low ans-F1)=343 err=0
  [2860/5000] kept=2517 dropped(low ans-F1)=343 err=0
  [2870/5000] kept=2525 dropped(low ans-F1)=345 err=0
  [2880/5000] kept=2535 dropped(low ans-F1)=345 err=0
  [2890/5000] kept=2544 dropped(low ans-F1)=346 err=0
  [2900/5000] kept=2552 dropped(low ans-F1)=348 err=0
  [2910/5000] kept=2562 dropped(low ans-F1)=348 err=0
  [2920/5000] kept=2569 dropped(low ans-F1)=351 err=0
  [2930/5000] kept=2578 dropped(low ans-F1)=352 err=0
  [2940/5000] kept=2588 dropped(low ans-F1)=352 err=0
  [2950/5000] kept=2597 dropped(low ans-F1)=353 err=0
  [2960/5000] kept=2606 dropped(low ans-F1)=354 err=0
  [2970/5000] kept=2615 dropped(low ans-F1)=355 err=0
  [2980/5000] kept=2624 dropped(low ans-F1)=356 err=0
  [2990/5000] kept=2634 dropped(low ans-F1)=356 err=0
  [3000/5000] kept=2643 dropped(low ans-F1)=357 err=0
  [3010/5000] kept=2652 dropped(low ans-F1)=358 err=0
  [3020/5000] kept=2661 dropped(low ans-F1)=359 err=0
  [3030/5000] kept=2670 dropped(low ans-F1)=360 err=0
  [3040/5000] kept=2679 dropped(low ans-F1)=361 err=0
  [3050/5000] kept=2688 dropped(low ans-F1)=362 err=0
  [3060/5000] kept=2696 dropped(low ans-F1)=364 err=0
  [3070/5000] kept=2706 dropped(low ans-F1)=364 err=0
  [3080/5000] kept=2714 dropped(low ans-F1)=366 err=0
  [3090/5000] kept=2723 dropped(low ans-F1)=367 err=0
  [3100/5000] kept=2730 dropped(low ans-F1)=370 err=0
  [3110/5000] kept=2739 dropped(low ans-F1)=371 err=0
  [3120/5000] kept=2747 dropped(low ans-F1)=373 err=0
  [3130/5000] kept=2756 dropped(low ans-F1)=374 err=0
  [3140/5000] kept=2765 dropped(low ans-F1)=375 err=0
  [3150/5000] kept=2774 dropped(low ans-F1)=376 err=0
  [3160/5000] kept=2784 dropped(low ans-F1)=376 err=0
  [3170/5000] kept=2791 dropped(low ans-F1)=379 err=0
  [3180/5000] kept=2796 dropped(low ans-F1)=384 err=0
  [3190/5000] kept=2805 dropped(low ans-F1)=385 err=0
  [3200/5000] kept=2815 dropped(low ans-F1)=385 err=0
  [3210/5000] kept=2825 dropped(low ans-F1)=385 err=0
  [3220/5000] kept=2835 dropped(low ans-F1)=385 err=0
  [3230/5000] kept=2841 dropped(low ans-F1)=389 err=0
  [3240/5000] kept=2849 dropped(low ans-F1)=391 err=0
  [3250/5000] kept=2858 dropped(low ans-F1)=392 err=0
  [3260/5000] kept=2867 dropped(low ans-F1)=393 err=0
  [3270/5000] kept=2877 dropped(low ans-F1)=393 err=0
  [3280/5000] kept=2885 dropped(low ans-F1)=395 err=0
  [3290/5000] kept=2894 dropped(low ans-F1)=396 err=0
  [3300/5000] kept=2904 dropped(low ans-F1)=396 err=0
  [3310/5000] kept=2914 dropped(low ans-F1)=396 err=0
  [3320/5000] kept=2923 dropped(low ans-F1)=397 err=0
  [3330/5000] kept=2933 dropped(low ans-F1)=397 err=0
  [3340/5000] kept=2941 dropped(low ans-F1)=399 err=0
  [3350/5000] kept=2950 dropped(low ans-F1)=400 err=0
  [3360/5000] kept=2958 dropped(low ans-F1)=402 err=0
  [3370/5000] kept=2967 dropped(low ans-F1)=403 err=0
  [3380/5000] kept=2976 dropped(low ans-F1)=404 err=0
  [3390/5000] kept=2984 dropped(low ans-F1)=406 err=0
  [3400/5000] kept=2993 dropped(low ans-F1)=407 err=0
  [3410/5000] kept=3002 dropped(low ans-F1)=408 err=0
  [3420/5000] kept=3010 dropped(low ans-F1)=410 err=0
  [3430/5000] kept=3019 dropped(low ans-F1)=411 err=0
  [3440/5000] kept=3026 dropped(low ans-F1)=414 err=0
  [3450/5000] kept=3033 dropped(low ans-F1)=417 err=0
  [3460/5000] kept=3041 dropped(low ans-F1)=419 err=0
  [3470/5000] kept=3049 dropped(low ans-F1)=421 err=0
  [3480/5000] kept=3059 dropped(low ans-F1)=421 err=0
  [3490/5000] kept=3068 dropped(low ans-F1)=422 err=0
  [3500/5000] kept=3075 dropped(low ans-F1)=425 err=0
  [3510/5000] kept=3084 dropped(low ans-F1)=426 err=0
  [3520/5000] kept=3094 dropped(low ans-F1)=426 err=0
  [3530/5000] kept=3103 dropped(low ans-F1)=427 err=0
  [3540/5000] kept=3112 dropped(low ans-F1)=428 err=0
  [3550/5000] kept=3121 dropped(low ans-F1)=429 err=0
  [3560/5000] kept=3130 dropped(low ans-F1)=430 err=0
  [3570/5000] kept=3139 dropped(low ans-F1)=431 err=0
  [3580/5000] kept=3149 dropped(low ans-F1)=431 err=0
  [3590/5000] kept=3159 dropped(low ans-F1)=431 err=0
  [3600/5000] kept=3166 dropped(low ans-F1)=434 err=0
  [3610/5000] kept=3174 dropped(low ans-F1)=436 err=0
  [3620/5000] kept=3183 dropped(low ans-F1)=437 err=0
  [3630/5000] kept=3192 dropped(low ans-F1)=438 err=0
  [3640/5000] kept=3202 dropped(low ans-F1)=438 err=0
  [3650/5000] kept=3212 dropped(low ans-F1)=438 err=0
  [3660/5000] kept=3222 dropped(low ans-F1)=438 err=0
  [3670/5000] kept=3232 dropped(low ans-F1)=438 err=0
  [3680/5000] kept=3241 dropped(low ans-F1)=439 err=0
  [3690/5000] kept=3250 dropped(low ans-F1)=440 err=0
  [3700/5000] kept=3260 dropped(low ans-F1)=440 err=0
  [3710/5000] kept=3269 dropped(low ans-F1)=441 err=0
  [3720/5000] kept=3278 dropped(low ans-F1)=442 err=0
  [3730/5000] kept=3285 dropped(low ans-F1)=445 err=0
  [3740/5000] kept=3295 dropped(low ans-F1)=445 err=0
  [3750/5000] kept=3304 dropped(low ans-F1)=446 err=0
  [3760/5000] kept=3312 dropped(low ans-F1)=448 err=0
  [3770/5000] kept=3321 dropped(low ans-F1)=449 err=0
  [3780/5000] kept=3327 dropped(low ans-F1)=453 err=0
  [3790/5000] kept=3335 dropped(low ans-F1)=455 err=0
  [3800/5000] kept=3343 dropped(low ans-F1)=457 err=0
  [3810/5000] kept=3351 dropped(low ans-F1)=459 err=0
  [3820/5000] kept=3361 dropped(low ans-F1)=459 err=0
  [3830/5000] kept=3369 dropped(low ans-F1)=461 err=0
  [3840/5000] kept=3379 dropped(low ans-F1)=461 err=0
  [3850/5000] kept=3386 dropped(low ans-F1)=464 err=0
  [3860/5000] kept=3393 dropped(low ans-F1)=467 err=0
  [3870/5000] kept=3400 dropped(low ans-F1)=470 err=0
  [3880/5000] kept=3408 dropped(low ans-F1)=472 err=0
  [3890/5000] kept=3417 dropped(low ans-F1)=473 err=0
  [3900/5000] kept=3425 dropped(low ans-F1)=475 err=0
  [3910/5000] kept=3435 dropped(low ans-F1)=475 err=0
  [3920/5000] kept=3443 dropped(low ans-F1)=477 err=0
  [3930/5000] kept=3451 dropped(low ans-F1)=479 err=0
  [3940/5000] kept=3459 dropped(low ans-F1)=481 err=0
  [3950/5000] kept=3466 dropped(low ans-F1)=484 err=0
  [3960/5000] kept=3475 dropped(low ans-F1)=485 err=0
  [3970/5000] kept=3482 dropped(low ans-F1)=488 err=0
  [3980/5000] kept=3491 dropped(low ans-F1)=489 err=0
  [3990/5000] kept=3500 dropped(low ans-F1)=490 err=0
  [4000/5000] kept=3509 dropped(low ans-F1)=491 err=0
  [4010/5000] kept=3518 dropped(low ans-F1)=492 err=0
  [4020/5000] kept=3526 dropped(low ans-F1)=494 err=0
  [4030/5000] kept=3536 dropped(low ans-F1)=494 err=0
  [4040/5000] kept=3546 dropped(low ans-F1)=494 err=0
  [4050/5000] kept=3555 dropped(low ans-F1)=495 err=0
  [4060/5000] kept=3563 dropped(low ans-F1)=497 err=0
  [4070/5000] kept=3573 dropped(low ans-F1)=497 err=0
  [4080/5000] kept=3582 dropped(low ans-F1)=498 err=0
  [4090/5000] kept=3590 dropped(low ans-F1)=500 err=0
  [4100/5000] kept=3599 dropped(low ans-F1)=501 err=0
  [4110/5000] kept=3607 dropped(low ans-F1)=503 err=0
  [4120/5000] kept=3617 dropped(low ans-F1)=503 err=0
  [4130/5000] kept=3627 dropped(low ans-F1)=503 err=0
  [4140/5000] kept=3636 dropped(low ans-F1)=504 err=0
  [4150/5000] kept=3645 dropped(low ans-F1)=505 err=0
  [4160/5000] kept=3654 dropped(low ans-F1)=506 err=0
  [4170/5000] kept=3661 dropped(low ans-F1)=509 err=0
  [4180/5000] kept=3669 dropped(low ans-F1)=511 err=0
  [4190/5000] kept=3676 dropped(low ans-F1)=514 err=0
  [4200/5000] kept=3685 dropped(low ans-F1)=515 err=0
  [4210/5000] kept=3692 dropped(low ans-F1)=518 err=0
  [4220/5000] kept=3701 dropped(low ans-F1)=519 err=0
  [4230/5000] kept=3710 dropped(low ans-F1)=520 err=0
  [4240/5000] kept=3718 dropped(low ans-F1)=522 err=0
  [4250/5000] kept=3727 dropped(low ans-F1)=523 err=0
  [4260/5000] kept=3735 dropped(low ans-F1)=525 err=0
  [4270/5000] kept=3744 dropped(low ans-F1)=526 err=0
  [4280/5000] kept=3753 dropped(low ans-F1)=527 err=0
  [4290/5000] kept=3761 dropped(low ans-F1)=529 err=0
  [4300/5000] kept=3769 dropped(low ans-F1)=531 err=0
  [4310/5000] kept=3778 dropped(low ans-F1)=532 err=0
  [4320/5000] kept=3785 dropped(low ans-F1)=535 err=0
  [4330/5000] kept=3791 dropped(low ans-F1)=539 err=0
  [4340/5000] kept=3800 dropped(low ans-F1)=540 err=0
  [4350/5000] kept=3809 dropped(low ans-F1)=541 err=0
  [4360/5000] kept=3817 dropped(low ans-F1)=543 err=0
  [4370/5000] kept=3825 dropped(low ans-F1)=545 err=0
  [4380/5000] kept=3834 dropped(low ans-F1)=546 err=0
  [4390/5000] kept=3842 dropped(low ans-F1)=548 err=0
  [4400/5000] kept=3849 dropped(low ans-F1)=551 err=0
  [4410/5000] kept=3859 dropped(low ans-F1)=551 err=0
  [4420/5000] kept=3869 dropped(low ans-F1)=551 err=0
  [4430/5000] kept=3875 dropped(low ans-F1)=555 err=0
  [4440/5000] kept=3884 dropped(low ans-F1)=556 err=0
  [4450/5000] kept=3891 dropped(low ans-F1)=559 err=0
  [4460/5000] kept=3900 dropped(low ans-F1)=560 err=0
  [4470/5000] kept=3909 dropped(low ans-F1)=561 err=0
  [4480/5000] kept=3919 dropped(low ans-F1)=561 err=0
  [4490/5000] kept=3926 dropped(low ans-F1)=564 err=0
  [4500/5000] kept=3934 dropped(low ans-F1)=566 err=0
  [4510/5000] kept=3943 dropped(low ans-F1)=567 err=0
  [4520/5000] kept=3952 dropped(low ans-F1)=568 err=0
  [4530/5000] kept=3960 dropped(low ans-F1)=570 err=0
  [4540/5000] kept=3970 dropped(low ans-F1)=570 err=0
  [4550/5000] kept=3979 dropped(low ans-F1)=571 err=0
  [4560/5000] kept=3987 dropped(low ans-F1)=573 err=0
  [4570/5000] kept=3997 dropped(low ans-F1)=573 err=0
  [4580/5000] kept=4004 dropped(low ans-F1)=576 err=0
  [4590/5000] kept=4011 dropped(low ans-F1)=579 err=0
  [4600/5000] kept=4021 dropped(low ans-F1)=579 err=0
  [4610/5000] kept=4030 dropped(low ans-F1)=580 err=0
  [4620/5000] kept=4037 dropped(low ans-F1)=583 err=0
  [4630/5000] kept=4043 dropped(low ans-F1)=587 err=0
  [4640/5000] kept=4053 dropped(low ans-F1)=587 err=0
  [4650/5000] kept=4061 dropped(low ans-F1)=589 err=0
  [4660/5000] kept=4070 dropped(low ans-F1)=590 err=0
  [4670/5000] kept=4080 dropped(low ans-F1)=590 err=0
  [4680/5000] kept=4090 dropped(low ans-F1)=590 err=0
  [4690/5000] kept=4097 dropped(low ans-F1)=593 err=0
  [4700/5000] kept=4106 dropped(low ans-F1)=594 err=0
  [4710/5000] kept=4116 dropped(low ans-F1)=594 err=0
  [4720/5000] kept=4126 dropped(low ans-F1)=594 err=0
  [4730/5000] kept=4134 dropped(low ans-F1)=596 err=0
  [4740/5000] kept=4144 dropped(low ans-F1)=596 err=0
  [4750/5000] kept=4151 dropped(low ans-F1)=599 err=0
  [4760/5000] kept=4161 dropped(low ans-F1)=599 err=0
  [4770/5000] kept=4170 dropped(low ans-F1)=600 err=0
  [4780/5000] kept=4178 dropped(low ans-F1)=602 err=0
  [4790/5000] kept=4186 dropped(low ans-F1)=604 err=0
  [4800/5000] kept=4196 dropped(low ans-F1)=604 err=0
  [4810/5000] kept=4202 dropped(low ans-F1)=608 err=0
  [4820/5000] kept=4211 dropped(low ans-F1)=609 err=0
  [4830/5000] kept=4218 dropped(low ans-F1)=612 err=0
  [4840/5000] kept=4225 dropped(low ans-F1)=615 err=0
  [4850/5000] kept=4235 dropped(low ans-F1)=615 err=0
  [4860/5000] kept=4244 dropped(low ans-F1)=616 err=0
  [4870/5000] kept=4253 dropped(low ans-F1)=617 err=0
  [4880/5000] kept=4261 dropped(low ans-F1)=619 err=0
  [4890/5000] kept=4268 dropped(low ans-F1)=622 err=0
  [4900/5000] kept=4277 dropped(low ans-F1)=623 err=0
  [4910/5000] kept=4286 dropped(low ans-F1)=624 err=0
  [4920/5000] kept=4296 dropped(low ans-F1)=624 err=0
  [4930/5000] kept=4305 dropped(low ans-F1)=625 err=0
  [4940/5000] kept=4315 dropped(low ans-F1)=625 err=0
  [4950/5000] kept=4322 dropped(low ans-F1)=628 err=0
  [4960/5000] kept=4332 dropped(low ans-F1)=628 err=0
  [4970/5000] kept=4340 dropped(low ans-F1)=630 err=0
  [4980/5000] kept=4348 dropped(low ans-F1)=632 err=0
  [4990/5000] kept=4355 dropped(low ans-F1)=635 err=0
  [5000/5000] kept=4363 dropped(low ans-F1)=637 err=0

KEPT 4363 answer-grounded pairs (avg answer-F1 of kept = 0.934)
keep-rate among non-errored = 87.3%

wrote answer-grounded survivors to data/distill/answergrounded.jsonl
{
  "n_kept": 4363,
  "n_dropped": 637,
  "n_err": 0,
  "keep_rate": 0.8726,
  "avg_answer_f1": 0.933519728381513
}
