Warning: You are sending unauthenticated requests to the HF Hub. Please set a HF_TOKEN to enable higher rate limits and faster downloads.
loading 5000 hotpotqa instances, taking [0:5000]...
loaded 5000; answer-grounded best-of-1 (keep if best answer-F1 >= 0.5), 96 workers...
  [10/5000] kept=8 dropped(low ans-F1)=2 err=0
  [20/5000] kept=16 dropped(low ans-F1)=4 err=0
  [30/5000] kept=25 dropped(low ans-F1)=5 err=0
  [40/5000] kept=34 dropped(low ans-F1)=6 err=0
  [50/5000] kept=43 dropped(low ans-F1)=7 err=0
  [60/5000] kept=51 dropped(low ans-F1)=9 err=0
  [70/5000] kept=61 dropped(low ans-F1)=9 err=0
  [80/5000] kept=68 dropped(low ans-F1)=12 err=0
  [90/5000] kept=77 dropped(low ans-F1)=13 err=0
  [100/5000] kept=86 dropped(low ans-F1)=14 err=0
  [110/5000] kept=96 dropped(low ans-F1)=14 err=0
  [120/5000] kept=104 dropped(low ans-F1)=16 err=0
  [130/5000] kept=113 dropped(low ans-F1)=17 err=0
  [140/5000] kept=123 dropped(low ans-F1)=17 err=0
  [150/5000] kept=132 dropped(low ans-F1)=18 err=0
  [160/5000] kept=141 dropped(low ans-F1)=19 err=0
  [170/5000] kept=149 dropped(low ans-F1)=21 err=0
  [180/5000] kept=159 dropped(low ans-F1)=21 err=0
  [190/5000] kept=168 dropped(low ans-F1)=22 err=0
  [200/5000] kept=177 dropped(low ans-F1)=23 err=0
  [210/5000] kept=186 dropped(low ans-F1)=24 err=0
  [220/5000] kept=196 dropped(low ans-F1)=24 err=0
  [230/5000] kept=205 dropped(low ans-F1)=25 err=0
  [240/5000] kept=213 dropped(low ans-F1)=27 err=0
  [250/5000] kept=220 dropped(low ans-F1)=30 err=0
  [260/5000] kept=227 dropped(low ans-F1)=33 err=0
  [270/5000] kept=235 dropped(low ans-F1)=35 err=0
  [280/5000] kept=243 dropped(low ans-F1)=37 err=0
  [290/5000] kept=250 dropped(low ans-F1)=40 err=0
  [300/5000] kept=257 dropped(low ans-F1)=43 err=0
  [310/5000] kept=266 dropped(low ans-F1)=44 err=0
  [320/5000] kept=274 dropped(low ans-F1)=46 err=0
  [330/5000] kept=283 dropped(low ans-F1)=47 err=0
  [340/5000] kept=291 dropped(low ans-F1)=49 err=0
  [350/5000] kept=300 dropped(low ans-F1)=50 err=0
  [360/5000] kept=309 dropped(low ans-F1)=51 err=0
  [370/5000] kept=317 dropped(low ans-F1)=53 err=0
  [380/5000] kept=325 dropped(low ans-F1)=55 err=0
  [390/5000] kept=331 dropped(low ans-F1)=59 err=0
  [400/5000] kept=340 dropped(low ans-F1)=60 err=0
  [410/5000] kept=348 dropped(low ans-F1)=62 err=0
  [420/5000] kept=357 dropped(low ans-F1)=63 err=0
  [430/5000] kept=366 dropped(low ans-F1)=64 err=0
  [440/5000] kept=372 dropped(low ans-F1)=68 err=0
  [450/5000] kept=381 dropped(low ans-F1)=69 err=0
  [460/5000] kept=388 dropped(low ans-F1)=72 err=0
  [470/5000] kept=395 dropped(low ans-F1)=75 err=0
  [480/5000] kept=400 dropped(low ans-F1)=80 err=0
  [490/5000] kept=408 dropped(low ans-F1)=82 err=0
  [500/5000] kept=414 dropped(low ans-F1)=86 err=0
  [510/5000] kept=424 dropped(low ans-F1)=86 err=0
  [520/5000] kept=433 dropped(low ans-F1)=87 err=0
  [530/5000] kept=443 dropped(low ans-F1)=87 err=0
  [540/5000] kept=453 dropped(low ans-F1)=87 err=0
  [550/5000] kept=461 dropped(low ans-F1)=89 err=0
  [560/5000] kept=470 dropped(low ans-F1)=90 err=0
  [570/5000] kept=478 dropped(low ans-F1)=92 err=0
  [580/5000] kept=487 dropped(low ans-F1)=93 err=0
  [590/5000] kept=496 dropped(low ans-F1)=94 err=0
  [600/5000] kept=505 dropped(low ans-F1)=95 err=0
  [610/5000] kept=512 dropped(low ans-F1)=98 err=0
  [620/5000] kept=521 dropped(low ans-F1)=99 err=0
  [630/5000] kept=530 dropped(low ans-F1)=100 err=0
  [640/5000] kept=539 dropped(low ans-F1)=101 err=0
  [650/5000] kept=548 dropped(low ans-F1)=102 err=0
  [660/5000] kept=558 dropped(low ans-F1)=102 err=0
  [670/5000] kept=567 dropped(low ans-F1)=103 err=0
  [680/5000] kept=576 dropped(low ans-F1)=104 err=0
  [690/5000] kept=584 dropped(low ans-F1)=106 err=0
  [700/5000] kept=592 dropped(low ans-F1)=108 err=0
  [710/5000] kept=601 dropped(low ans-F1)=109 err=0
  [720/5000] kept=609 dropped(low ans-F1)=111 err=0
  [730/5000] kept=617 dropped(low ans-F1)=113 err=0
  [740/5000] kept=626 dropped(low ans-F1)=114 err=0
  [750/5000] kept=635 dropped(low ans-F1)=115 err=0
  [760/5000] kept=642 dropped(low ans-F1)=118 err=0
  [770/5000] kept=649 dropped(low ans-F1)=121 err=0
  [780/5000] kept=657 dropped(low ans-F1)=123 err=0
  [790/5000] kept=664 dropped(low ans-F1)=126 err=0
  [800/5000] kept=673 dropped(low ans-F1)=127 err=0
  [810/5000] kept=681 dropped(low ans-F1)=129 err=0
  [820/5000] kept=689 dropped(low ans-F1)=131 err=0
  [830/5000] kept=698 dropped(low ans-F1)=132 err=0
  [840/5000] kept=708 dropped(low ans-F1)=132 err=0
  [850/5000] kept=718 dropped(low ans-F1)=132 err=0
  [860/5000] kept=725 dropped(low ans-F1)=135 err=0
  [870/5000] kept=733 dropped(low ans-F1)=137 err=0
  [880/5000] kept=743 dropped(low ans-F1)=137 err=0
  [890/5000] kept=752 dropped(low ans-F1)=138 err=0
  [900/5000] kept=762 dropped(low ans-F1)=138 err=0
  [910/5000] kept=769 dropped(low ans-F1)=141 err=0
  [920/5000] kept=777 dropped(low ans-F1)=143 err=0
  [930/5000] kept=785 dropped(low ans-F1)=145 err=0
  [940/5000] kept=795 dropped(low ans-F1)=145 err=0
  [950/5000] kept=805 dropped(low ans-F1)=145 err=0
  [960/5000] kept=813 dropped(low ans-F1)=147 err=0
  [970/5000] kept=821 dropped(low ans-F1)=149 err=0
  [980/5000] kept=829 dropped(low ans-F1)=151 err=0
  [990/5000] kept=836 dropped(low ans-F1)=154 err=0
  [1000/5000] kept=845 dropped(low ans-F1)=155 err=0
  [1010/5000] kept=854 dropped(low ans-F1)=156 err=0
  [1020/5000] kept=862 dropped(low ans-F1)=158 err=0
  [1030/5000] kept=869 dropped(low ans-F1)=161 err=0
  [1040/5000] kept=879 dropped(low ans-F1)=161 err=0
  [1050/5000] kept=887 dropped(low ans-F1)=163 err=0
  [1060/5000] kept=894 dropped(low ans-F1)=166 err=0
  [1070/5000] kept=902 dropped(low ans-F1)=168 err=0
  [1080/5000] kept=911 dropped(low ans-F1)=169 err=0
  [1090/5000] kept=919 dropped(low ans-F1)=171 err=0
  [1100/5000] kept=928 dropped(low ans-F1)=172 err=0
  [1110/5000] kept=936 dropped(low ans-F1)=174 err=0
  [1120/5000] kept=943 dropped(low ans-F1)=177 err=0
  [1130/5000] kept=950 dropped(low ans-F1)=180 err=0
  [1140/5000] kept=959 dropped(low ans-F1)=181 err=0
  [1150/5000] kept=969 dropped(low ans-F1)=181 err=0
  [1160/5000] kept=977 dropped(low ans-F1)=183 err=0
  [1170/5000] kept=985 dropped(low ans-F1)=185 err=0
  [1180/5000] kept=993 dropped(low ans-F1)=187 err=0
  [1190/5000] kept=1003 dropped(low ans-F1)=187 err=0
  [1200/5000] kept=1010 dropped(low ans-F1)=190 err=0
  [1210/5000] kept=1018 dropped(low ans-F1)=192 err=0
  [1220/5000] kept=1027 dropped(low ans-F1)=193 err=0
  [1230/5000] kept=1037 dropped(low ans-F1)=193 err=0
  [1240/5000] kept=1044 dropped(low ans-F1)=196 err=0
  [1250/5000] kept=1054 dropped(low ans-F1)=196 err=0
  [1260/5000] kept=1063 dropped(low ans-F1)=197 err=0
  [1270/5000] kept=1069 dropped(low ans-F1)=201 err=0
  [1280/5000] kept=1078 dropped(low ans-F1)=202 err=0
  [1290/5000] kept=1086 dropped(low ans-F1)=204 err=0
  [1300/5000] kept=1094 dropped(low ans-F1)=206 err=0
  [1310/5000] kept=1103 dropped(low ans-F1)=207 err=0
  [1320/5000] kept=1112 dropped(low ans-F1)=208 err=0
  [1330/5000] kept=1118 dropped(low ans-F1)=212 err=0
  [1340/5000] kept=1125 dropped(low ans-F1)=215 err=0
  [1350/5000] kept=1135 dropped(low ans-F1)=215 err=0
  [1360/5000] kept=1143 dropped(low ans-F1)=217 err=0
  [1370/5000] kept=1149 dropped(low ans-F1)=221 err=0
  [1380/5000] kept=1157 dropped(low ans-F1)=223 err=0
  [1390/5000] kept=1163 dropped(low ans-F1)=227 err=0
  [1400/5000] kept=1172 dropped(low ans-F1)=228 err=0
  [1410/5000] kept=1181 dropped(low ans-F1)=229 err=0
  [1420/5000] kept=1189 dropped(low ans-F1)=231 err=0
  [1430/5000] kept=1199 dropped(low ans-F1)=231 err=0
  [1440/5000] kept=1206 dropped(low ans-F1)=234 err=0
  [1450/5000] kept=1213 dropped(low ans-F1)=237 err=0
  [1460/5000] kept=1220 dropped(low ans-F1)=240 err=0
  [1470/5000] kept=1229 dropped(low ans-F1)=241 err=0
  [1480/5000] kept=1238 dropped(low ans-F1)=242 err=0
  [1490/5000] kept=1247 dropped(low ans-F1)=243 err=0
  [1500/5000] kept=1256 dropped(low ans-F1)=244 err=0
  [1510/5000] kept=1265 dropped(low ans-F1)=245 err=0
  [1520/5000] kept=1274 dropped(low ans-F1)=246 err=0
  [1530/5000] kept=1284 dropped(low ans-F1)=246 err=0
  [1540/5000] kept=1294 dropped(low ans-F1)=246 err=0
  [1550/5000] kept=1303 dropped(low ans-F1)=247 err=0
  [1560/5000] kept=1311 dropped(low ans-F1)=249 err=0
  [1570/5000] kept=1321 dropped(low ans-F1)=249 err=0
  [1580/5000] kept=1330 dropped(low ans-F1)=250 err=0
  [1590/5000] kept=1336 dropped(low ans-F1)=254 err=0
  [1600/5000] kept=1344 dropped(low ans-F1)=256 err=0
  [1610/5000] kept=1354 dropped(low ans-F1)=256 err=0
  [1620/5000] kept=1363 dropped(low ans-F1)=257 err=0
  [1630/5000] kept=1373 dropped(low ans-F1)=257 err=0
  [1640/5000] kept=1380 dropped(low ans-F1)=260 err=0
  [1650/5000] kept=1390 dropped(low ans-F1)=260 err=0
  [1660/5000] kept=1397 dropped(low ans-F1)=263 err=0
  [1670/5000] kept=1406 dropped(low ans-F1)=264 err=0
  [1680/5000] kept=1416 dropped(low ans-F1)=264 err=0
  [1690/5000] kept=1424 dropped(low ans-F1)=266 err=0
  [1700/5000] kept=1433 dropped(low ans-F1)=267 err=0
  [1710/5000] kept=1441 dropped(low ans-F1)=269 err=0
  [1720/5000] kept=1450 dropped(low ans-F1)=270 err=0
  [1730/5000] kept=1459 dropped(low ans-F1)=271 err=0
  [1740/5000] kept=1467 dropped(low ans-F1)=273 err=0
  [1750/5000] kept=1477 dropped(low ans-F1)=273 err=0
  [1760/5000] kept=1484 dropped(low ans-F1)=276 err=0
  [1770/5000] kept=1493 dropped(low ans-F1)=277 err=0
  [1780/5000] kept=1502 dropped(low ans-F1)=278 err=0
  [1790/5000] kept=1510 dropped(low ans-F1)=280 err=0
  [1800/5000] kept=1517 dropped(low ans-F1)=283 err=0
  [1810/5000] kept=1527 dropped(low ans-F1)=283 err=0
  [1820/5000] kept=1533 dropped(low ans-F1)=287 err=0
  [1830/5000] kept=1542 dropped(low ans-F1)=288 err=0
  [1840/5000] kept=1549 dropped(low ans-F1)=291 err=0
  [1850/5000] kept=1556 dropped(low ans-F1)=294 err=0
  [1860/5000] kept=1564 dropped(low ans-F1)=296 err=0
  [1870/5000] kept=1574 dropped(low ans-F1)=296 err=0
  [1880/5000] kept=1582 dropped(low ans-F1)=298 err=0
  [1890/5000] kept=1591 dropped(low ans-F1)=299 err=0
  [1900/5000] kept=1594 dropped(low ans-F1)=306 err=0
  [1910/5000] kept=1603 dropped(low ans-F1)=307 err=0
  [1920/5000] kept=1611 dropped(low ans-F1)=309 err=0
  [1930/5000] kept=1619 dropped(low ans-F1)=311 err=0
  [1940/5000] kept=1628 dropped(low ans-F1)=312 err=0
  [1950/5000] kept=1637 dropped(low ans-F1)=313 err=0
  [1960/5000] kept=1646 dropped(low ans-F1)=314 err=0
  [1970/5000] kept=1654 dropped(low ans-F1)=316 err=0
  [1980/5000] kept=1664 dropped(low ans-F1)=316 err=0
  [1990/5000] kept=1674 dropped(low ans-F1)=316 err=0
  [2000/5000] kept=1681 dropped(low ans-F1)=319 err=0
  [2010/5000] kept=1688 dropped(low ans-F1)=322 err=0
  [2020/5000] kept=1697 dropped(low ans-F1)=323 err=0
  [2030/5000] kept=1707 dropped(low ans-F1)=323 err=0
  [2040/5000] kept=1713 dropped(low ans-F1)=327 err=0
  [2050/5000] kept=1721 dropped(low ans-F1)=329 err=0
  [2060/5000] kept=1727 dropped(low ans-F1)=333 err=0
  [2070/5000] kept=1737 dropped(low ans-F1)=333 err=0
  [2080/5000] kept=1744 dropped(low ans-F1)=336 err=0
  [2090/5000] kept=1752 dropped(low ans-F1)=338 err=0
  [2100/5000] kept=1761 dropped(low ans-F1)=339 err=0
  [2110/5000] kept=1770 dropped(low ans-F1)=340 err=0
  [2120/5000] kept=1777 dropped(low ans-F1)=343 err=0
  [2130/5000] kept=1785 dropped(low ans-F1)=345 err=0
  [2140/5000] kept=1794 dropped(low ans-F1)=346 err=0
  [2150/5000] kept=1802 dropped(low ans-F1)=348 err=0
  [2160/5000] kept=1812 dropped(low ans-F1)=348 err=0
  [2170/5000] kept=1821 dropped(low ans-F1)=349 err=0
  [2180/5000] kept=1829 dropped(low ans-F1)=351 err=0
  [2190/5000] kept=1835 dropped(low ans-F1)=355 err=0
  [2200/5000] kept=1845 dropped(low ans-F1)=355 err=0
  [2210/5000] kept=1854 dropped(low ans-F1)=356 err=0
  [2220/5000] kept=1862 dropped(low ans-F1)=358 err=0
  [2230/5000] kept=1868 dropped(low ans-F1)=362 err=0
  [2240/5000] kept=1878 dropped(low ans-F1)=362 err=0
  [2250/5000] kept=1888 dropped(low ans-F1)=362 err=0
  [2260/5000] kept=1896 dropped(low ans-F1)=364 err=0
  [2270/5000] kept=1904 dropped(low ans-F1)=366 err=0
  [2280/5000] kept=1912 dropped(low ans-F1)=368 err=0
  [2290/5000] kept=1922 dropped(low ans-F1)=368 err=0
  [2300/5000] kept=1931 dropped(low ans-F1)=369 err=0
  [2310/5000] kept=1940 dropped(low ans-F1)=370 err=0
  [2320/5000] kept=1947 dropped(low ans-F1)=373 err=0
  [2330/5000] kept=1957 dropped(low ans-F1)=373 err=0
  [2340/5000] kept=1963 dropped(low ans-F1)=377 err=0
  [2350/5000] kept=1972 dropped(low ans-F1)=378 err=0
  [2360/5000] kept=1981 dropped(low ans-F1)=379 err=0
  [2370/5000] kept=1990 dropped(low ans-F1)=380 err=0
  [2380/5000] kept=1998 dropped(low ans-F1)=382 err=0
  [2390/5000] kept=2006 dropped(low ans-F1)=384 err=0
  [2400/5000] kept=2016 dropped(low ans-F1)=384 err=0
  [2410/5000] kept=2023 dropped(low ans-F1)=387 err=0
  [2420/5000] kept=2031 dropped(low ans-F1)=389 err=0
  [2430/5000] kept=2038 dropped(low ans-F1)=392 err=0
  [2440/5000] kept=2043 dropped(low ans-F1)=397 err=0
  [2450/5000] kept=2052 dropped(low ans-F1)=398 err=0
  [2460/5000] kept=2061 dropped(low ans-F1)=399 err=0
  [2470/5000] kept=2069 dropped(low ans-F1)=401 err=0
  [2480/5000] kept=2075 dropped(low ans-F1)=405 err=0
  [2490/5000] kept=2083 dropped(low ans-F1)=407 err=0
  [2500/5000] kept=2089 dropped(low ans-F1)=411 err=0
  [2510/5000] kept=2098 dropped(low ans-F1)=412 err=0
  [2520/5000] kept=2106 dropped(low ans-F1)=414 err=0
  [2530/5000] kept=2114 dropped(low ans-F1)=416 err=0
  [2540/5000] kept=2123 dropped(low ans-F1)=417 err=0
  [2550/5000] kept=2133 dropped(low ans-F1)=417 err=0
  [2560/5000] kept=2142 dropped(low ans-F1)=418 err=0
  [2570/5000] kept=2152 dropped(low ans-F1)=418 err=0
  [2580/5000] kept=2160 dropped(low ans-F1)=420 err=0
  [2590/5000] kept=2167 dropped(low ans-F1)=423 err=0
  [2600/5000] kept=2176 dropped(low ans-F1)=424 err=0
  [2610/5000] kept=2186 dropped(low ans-F1)=424 err=0
  [2620/5000] kept=2196 dropped(low ans-F1)=424 err=0
  [2630/5000] kept=2206 dropped(low ans-F1)=424 err=0
  [2640/5000] kept=2215 dropped(low ans-F1)=425 err=0
  [2650/5000] kept=2225 dropped(low ans-F1)=425 err=0
  [2660/5000] kept=2235 dropped(low ans-F1)=425 err=0
  [2670/5000] kept=2244 dropped(low ans-F1)=426 err=0
  [2680/5000] kept=2251 dropped(low ans-F1)=429 err=0
  [2690/5000] kept=2259 dropped(low ans-F1)=431 err=0
  [2700/5000] kept=2268 dropped(low ans-F1)=432 err=0
  [2710/5000] kept=2275 dropped(low ans-F1)=435 err=0
  [2720/5000] kept=2283 dropped(low ans-F1)=437 err=0
  [2730/5000] kept=2290 dropped(low ans-F1)=440 err=0
  [2740/5000] kept=2298 dropped(low ans-F1)=442 err=0
  [2750/5000] kept=2307 dropped(low ans-F1)=443 err=0
  [2760/5000] kept=2316 dropped(low ans-F1)=444 err=0
  [2770/5000] kept=2323 dropped(low ans-F1)=447 err=0
  [2780/5000] kept=2330 dropped(low ans-F1)=450 err=0
  [2790/5000] kept=2339 dropped(low ans-F1)=451 err=0
  [2800/5000] kept=2349 dropped(low ans-F1)=451 err=0
  [2810/5000] kept=2356 dropped(low ans-F1)=454 err=0
  [2820/5000] kept=2366 dropped(low ans-F1)=454 err=0
  [2830/5000] kept=2375 dropped(low ans-F1)=455 err=0
  [2840/5000] kept=2384 dropped(low ans-F1)=456 err=0
  [2850/5000] kept=2393 dropped(low ans-F1)=457 err=0
  [2860/5000] kept=2402 dropped(low ans-F1)=458 err=0
  [2870/5000] kept=2410 dropped(low ans-F1)=460 err=0
  [2880/5000] kept=2419 dropped(low ans-F1)=461 err=0
  [2890/5000] kept=2429 dropped(low ans-F1)=461 err=0
  [2900/5000] kept=2437 dropped(low ans-F1)=463 err=0
  [2910/5000] kept=2445 dropped(low ans-F1)=465 err=0
  [2920/5000] kept=2454 dropped(low ans-F1)=466 err=0
  [2930/5000] kept=2464 dropped(low ans-F1)=466 err=0
  [2940/5000] kept=2470 dropped(low ans-F1)=470 err=0
  [2950/5000] kept=2478 dropped(low ans-F1)=472 err=0
  [2960/5000] kept=2486 dropped(low ans-F1)=474 err=0
  [2970/5000] kept=2496 dropped(low ans-F1)=474 err=0
  [2980/5000] kept=2504 dropped(low ans-F1)=476 err=0
  [2990/5000] kept=2512 dropped(low ans-F1)=478 err=0
  [3000/5000] kept=2522 dropped(low ans-F1)=478 err=0
  [3010/5000] kept=2532 dropped(low ans-F1)=478 err=0
  [3020/5000] kept=2540 dropped(low ans-F1)=480 err=0
  [3030/5000] kept=2549 dropped(low ans-F1)=481 err=0
  [3040/5000] kept=2557 dropped(low ans-F1)=483 err=0
  [3050/5000] kept=2566 dropped(low ans-F1)=484 err=0
  [3060/5000] kept=2576 dropped(low ans-F1)=484 err=0
  [3070/5000] kept=2585 dropped(low ans-F1)=485 err=0
  [3080/5000] kept=2592 dropped(low ans-F1)=488 err=0
  [3090/5000] kept=2598 dropped(low ans-F1)=492 err=0
  [3100/5000] kept=2606 dropped(low ans-F1)=494 err=0
  [3110/5000] kept=2616 dropped(low ans-F1)=494 err=0
  [3120/5000] kept=2623 dropped(low ans-F1)=497 err=0
  [3130/5000] kept=2631 dropped(low ans-F1)=499 err=0
  [3140/5000] kept=2639 dropped(low ans-F1)=501 err=0
  [3150/5000] kept=2648 dropped(low ans-F1)=502 err=0
  [3160/5000] kept=2656 dropped(low ans-F1)=504 err=0
  [3170/5000] kept=2664 dropped(low ans-F1)=506 err=0
  [3180/5000] kept=2669 dropped(low ans-F1)=511 err=0
  [3190/5000] kept=2678 dropped(low ans-F1)=512 err=0
  [3200/5000] kept=2687 dropped(low ans-F1)=513 err=0
  [3210/5000] kept=2697 dropped(low ans-F1)=513 err=0
  [3220/5000] kept=2705 dropped(low ans-F1)=515 err=0
  [3230/5000] kept=2712 dropped(low ans-F1)=518 err=0
  [3240/5000] kept=2720 dropped(low ans-F1)=520 err=0
  [3250/5000] kept=2728 dropped(low ans-F1)=522 err=0
  [3260/5000] kept=2736 dropped(low ans-F1)=524 err=0
  [3270/5000] kept=2746 dropped(low ans-F1)=524 err=0
  [3280/5000] kept=2755 dropped(low ans-F1)=525 err=0
  [3290/5000] kept=2764 dropped(low ans-F1)=526 err=0
  [3300/5000] kept=2773 dropped(low ans-F1)=527 err=0
  [3310/5000] kept=2783 dropped(low ans-F1)=527 err=0
  [3320/5000] kept=2792 dropped(low ans-F1)=528 err=0
  [3330/5000] kept=2801 dropped(low ans-F1)=529 err=0
  [3340/5000] kept=2808 dropped(low ans-F1)=532 err=0
  [3350/5000] kept=2817 dropped(low ans-F1)=533 err=0
  [3360/5000] kept=2826 dropped(low ans-F1)=534 err=0
  [3370/5000] kept=2835 dropped(low ans-F1)=535 err=0
  [3380/5000] kept=2841 dropped(low ans-F1)=539 err=0
  [3390/5000] kept=2850 dropped(low ans-F1)=540 err=0
  [3400/5000] kept=2859 dropped(low ans-F1)=541 err=0
  [3410/5000] kept=2867 dropped(low ans-F1)=543 err=0
  [3420/5000] kept=2874 dropped(low ans-F1)=546 err=0
  [3430/5000] kept=2883 dropped(low ans-F1)=547 err=0
  [3440/5000] kept=2890 dropped(low ans-F1)=550 err=0
  [3450/5000] kept=2896 dropped(low ans-F1)=554 err=0
  [3460/5000] kept=2905 dropped(low ans-F1)=555 err=0
  [3470/5000] kept=2913 dropped(low ans-F1)=557 err=0
  [3480/5000] kept=2923 dropped(low ans-F1)=557 err=0
  [3490/5000] kept=2931 dropped(low ans-F1)=559 err=0
  [3500/5000] kept=2940 dropped(low ans-F1)=560 err=0
  [3510/5000] kept=2948 dropped(low ans-F1)=562 err=0
  [3520/5000] kept=2958 dropped(low ans-F1)=562 err=0
  [3530/5000] kept=2967 dropped(low ans-F1)=563 err=0
  [3540/5000] kept=2977 dropped(low ans-F1)=563 err=0
  [3550/5000] kept=2985 dropped(low ans-F1)=565 err=0
  [3560/5000] kept=2993 dropped(low ans-F1)=567 err=0
  [3570/5000] kept=3003 dropped(low ans-F1)=567 err=0
  [3580/5000] kept=3011 dropped(low ans-F1)=569 err=0
  [3590/5000] kept=3021 dropped(low ans-F1)=569 err=0
  [3600/5000] kept=3030 dropped(low ans-F1)=570 err=0
  [3610/5000] kept=3037 dropped(low ans-F1)=573 err=0
  [3620/5000] kept=3046 dropped(low ans-F1)=574 err=0
  [3630/5000] kept=3054 dropped(low ans-F1)=576 err=0
  [3640/5000] kept=3063 dropped(low ans-F1)=577 err=0
  [3650/5000] kept=3072 dropped(low ans-F1)=578 err=0
  [3660/5000] kept=3082 dropped(low ans-F1)=578 err=0
  [3670/5000] kept=3092 dropped(low ans-F1)=578 err=0
  [3680/5000] kept=3102 dropped(low ans-F1)=578 err=0
  [3690/5000] kept=3111 dropped(low ans-F1)=579 err=0
  [3700/5000] kept=3121 dropped(low ans-F1)=579 err=0
  [3710/5000] kept=3130 dropped(low ans-F1)=580 err=0
  [3720/5000] kept=3138 dropped(low ans-F1)=582 err=0
  [3730/5000] kept=3146 dropped(low ans-F1)=584 err=0
  [3740/5000] kept=3155 dropped(low ans-F1)=585 err=0
  [3750/5000] kept=3164 dropped(low ans-F1)=586 err=0
  [3760/5000] kept=3171 dropped(low ans-F1)=589 err=0
  [3770/5000] kept=3180 dropped(low ans-F1)=590 err=0
  [3780/5000] kept=3186 dropped(low ans-F1)=594 err=0
  [3790/5000] kept=3193 dropped(low ans-F1)=597 err=0
  [3800/5000] kept=3200 dropped(low ans-F1)=600 err=0
  [3810/5000] kept=3207 dropped(low ans-F1)=603 err=0
  [3820/5000] kept=3215 dropped(low ans-F1)=605 err=0
  [3830/5000] kept=3224 dropped(low ans-F1)=606 err=0
  [3840/5000] kept=3234 dropped(low ans-F1)=606 err=0
  [3850/5000] kept=3241 dropped(low ans-F1)=609 err=0
  [3860/5000] kept=3247 dropped(low ans-F1)=613 err=0
  [3870/5000] kept=3256 dropped(low ans-F1)=614 err=0
  [3880/5000] kept=3264 dropped(low ans-F1)=616 err=0
  [3890/5000] kept=3273 dropped(low ans-F1)=617 err=0
  [3900/5000] kept=3282 dropped(low ans-F1)=618 err=0
  [3910/5000] kept=3289 dropped(low ans-F1)=621 err=0
  [3920/5000] kept=3295 dropped(low ans-F1)=625 err=0
  [3930/5000] kept=3303 dropped(low ans-F1)=627 err=0
  [3940/5000] kept=3310 dropped(low ans-F1)=630 err=0
  [3950/5000] kept=3319 dropped(low ans-F1)=631 err=0
  [3960/5000] kept=3327 dropped(low ans-F1)=633 err=0
  [3970/5000] kept=3334 dropped(low ans-F1)=636 err=0
  [3980/5000] kept=3343 dropped(low ans-F1)=637 err=0
  [3990/5000] kept=3351 dropped(low ans-F1)=639 err=0
  [4000/5000] kept=3360 dropped(low ans-F1)=640 err=0
  [4010/5000] kept=3369 dropped(low ans-F1)=641 err=0
  [4020/5000] kept=3377 dropped(low ans-F1)=643 err=0
  [4030/5000] kept=3387 dropped(low ans-F1)=643 err=0
  [4040/5000] kept=3396 dropped(low ans-F1)=644 err=0
  [4050/5000] kept=3403 dropped(low ans-F1)=647 err=0
  [4060/5000] kept=3412 dropped(low ans-F1)=648 err=0
  [4070/5000] kept=3421 dropped(low ans-F1)=649 err=0
  [4080/5000] kept=3428 dropped(low ans-F1)=652 err=0
  [4090/5000] kept=3435 dropped(low ans-F1)=655 err=0
  [4100/5000] kept=3445 dropped(low ans-F1)=655 err=0
  [4110/5000] kept=3454 dropped(low ans-F1)=656 err=0
  [4120/5000] kept=3463 dropped(low ans-F1)=657 err=0
  [4130/5000] kept=3472 dropped(low ans-F1)=658 err=0
  [4140/5000] kept=3481 dropped(low ans-F1)=659 err=0
  [4150/5000] kept=3488 dropped(low ans-F1)=662 err=0
  [4160/5000] kept=3498 dropped(low ans-F1)=662 err=0
  [4170/5000] kept=3507 dropped(low ans-F1)=663 err=0
  [4180/5000] kept=3514 dropped(low ans-F1)=666 err=0
  [4190/5000] kept=3522 dropped(low ans-F1)=668 err=0
  [4200/5000] kept=3529 dropped(low ans-F1)=671 err=0
  [4210/5000] kept=3536 dropped(low ans-F1)=674 err=0
  [4220/5000] kept=3544 dropped(low ans-F1)=676 err=0
  [4230/5000] kept=3552 dropped(low ans-F1)=678 err=0
  [4240/5000] kept=3560 dropped(low ans-F1)=680 err=0
  [4250/5000] kept=3569 dropped(low ans-F1)=681 err=0
  [4260/5000] kept=3578 dropped(low ans-F1)=682 err=0
  [4270/5000] kept=3587 dropped(low ans-F1)=683 err=0
  [4280/5000] kept=3594 dropped(low ans-F1)=686 err=0
  [4290/5000] kept=3603 dropped(low ans-F1)=687 err=0
  [4300/5000] kept=3610 dropped(low ans-F1)=690 err=0
  [4310/5000] kept=3617 dropped(low ans-F1)=693 err=0
  [4320/5000] kept=3625 dropped(low ans-F1)=695 err=0
  [4330/5000] kept=3632 dropped(low ans-F1)=698 err=0
  [4340/5000] kept=3640 dropped(low ans-F1)=700 err=0
  [4350/5000] kept=3649 dropped(low ans-F1)=701 err=0
  [4360/5000] kept=3655 dropped(low ans-F1)=705 err=0
  [4370/5000] kept=3662 dropped(low ans-F1)=708 err=0
  [4380/5000] kept=3671 dropped(low ans-F1)=709 err=0
  [4390/5000] kept=3679 dropped(low ans-F1)=711 err=0
  [4400/5000] kept=3687 dropped(low ans-F1)=713 err=0
  [4410/5000] kept=3696 dropped(low ans-F1)=714 err=0
  [4420/5000] kept=3704 dropped(low ans-F1)=716 err=0
  [4430/5000] kept=3711 dropped(low ans-F1)=719 err=0
  [4440/5000] kept=3719 dropped(low ans-F1)=721 err=0
  [4450/5000] kept=3725 dropped(low ans-F1)=725 err=0
  [4460/5000] kept=3732 dropped(low ans-F1)=728 err=0
  [4470/5000] kept=3742 dropped(low ans-F1)=728 err=0
  [4480/5000] kept=3751 dropped(low ans-F1)=729 err=0
  [4490/5000] kept=3760 dropped(low ans-F1)=730 err=0
  [4500/5000] kept=3768 dropped(low ans-F1)=732 err=0
  [4510/5000] kept=3775 dropped(low ans-F1)=735 err=0
  [4520/5000] kept=3785 dropped(low ans-F1)=735 err=0
  [4530/5000] kept=3790 dropped(low ans-F1)=740 err=0
  [4540/5000] kept=3800 dropped(low ans-F1)=740 err=0
  [4550/5000] kept=3809 dropped(low ans-F1)=741 err=0
  [4560/5000] kept=3818 dropped(low ans-F1)=742 err=0
  [4570/5000] kept=3827 dropped(low ans-F1)=743 err=0
  [4580/5000] kept=3834 dropped(low ans-F1)=746 err=0
  [4590/5000] kept=3841 dropped(low ans-F1)=749 err=0
  [4600/5000] kept=3851 dropped(low ans-F1)=749 err=0
  [4610/5000] kept=3860 dropped(low ans-F1)=750 err=0
  [4620/5000] kept=3867 dropped(low ans-F1)=753 err=0
  [4630/5000] kept=3874 dropped(low ans-F1)=756 err=0
  [4640/5000] kept=3880 dropped(low ans-F1)=760 err=0
  [4650/5000] kept=3888 dropped(low ans-F1)=762 err=0
  [4660/5000] kept=3897 dropped(low ans-F1)=763 err=0
  [4670/5000] kept=3906 dropped(low ans-F1)=764 err=0
  [4680/5000] kept=3916 dropped(low ans-F1)=764 err=0
  [4690/5000] kept=3925 dropped(low ans-F1)=765 err=0
  [4700/5000] kept=3933 dropped(low ans-F1)=767 err=0
  [4710/5000] kept=3939 dropped(low ans-F1)=771 err=0
  [4720/5000] kept=3949 dropped(low ans-F1)=771 err=0
  [4730/5000] kept=3958 dropped(low ans-F1)=772 err=0
  [4740/5000] kept=3965 dropped(low ans-F1)=775 err=0
  [4750/5000] kept=3973 dropped(low ans-F1)=777 err=0
  [4760/5000] kept=3983 dropped(low ans-F1)=777 err=0
  [4770/5000] kept=3991 dropped(low ans-F1)=779 err=0
  [4780/5000] kept=3999 dropped(low ans-F1)=781 err=0
  [4790/5000] kept=4009 dropped(low ans-F1)=781 err=0
  [4800/5000] kept=4017 dropped(low ans-F1)=783 err=0
  [4810/5000] kept=4024 dropped(low ans-F1)=786 err=0
  [4820/5000] kept=4030 dropped(low ans-F1)=790 err=0
  [4830/5000] kept=4038 dropped(low ans-F1)=792 err=0
  [4840/5000] kept=4048 dropped(low ans-F1)=792 err=0
  [4850/5000] kept=4055 dropped(low ans-F1)=795 err=0
  [4860/5000] kept=4062 dropped(low ans-F1)=798 err=0
  [4870/5000] kept=4071 dropped(low ans-F1)=799 err=0
  [4880/5000] kept=4079 dropped(low ans-F1)=801 err=0
  [4890/5000] kept=4088 dropped(low ans-F1)=802 err=0
  [4900/5000] kept=4095 dropped(low ans-F1)=805 err=0
  [4910/5000] kept=4101 dropped(low ans-F1)=809 err=0
  [4920/5000] kept=4110 dropped(low ans-F1)=810 err=0
  [4930/5000] kept=4119 dropped(low ans-F1)=811 err=0
  [4940/5000] kept=4129 dropped(low ans-F1)=811 err=0
  [4950/5000] kept=4138 dropped(low ans-F1)=812 err=0
  [4960/5000] kept=4145 dropped(low ans-F1)=815 err=0
  [4970/5000] kept=4152 dropped(low ans-F1)=818 err=0
  [4980/5000] kept=4160 dropped(low ans-F1)=820 err=0
  [4990/5000] kept=4169 dropped(low ans-F1)=821 err=0
  [5000/5000] kept=4175 dropped(low ans-F1)=825 err=0

KEPT 4175 answer-grounded pairs (avg answer-F1 of kept = 0.924)
keep-rate among non-errored = 83.5%

wrote answer-grounded survivors to data/distill/v5_greedy.jsonl
{
  "n_kept": 4175,
  "n_dropped": 825,
  "n_err": 0,
  "keep_rate": 0.835,
  "avg_answer_f1": 0.9242290552180672
}
