Warning: You are sending unauthenticated requests to the HF Hub. Please set a HF_TOKEN to enable higher rate limits and faster downloads.
loading 2500 hotpotqa instances (streaming), then taking [1000:2500]...
loaded 1500 instances; compressing with 8 workers...
  [10/1500] done (ok=10 skip=0 err=0)
  [20/1500] done (ok=20 skip=0 err=0)
  [30/1500] done (ok=30 skip=0 err=0)
  [40/1500] done (ok=40 skip=0 err=0)
  [50/1500] done (ok=50 skip=0 err=0)
  [60/1500] done (ok=60 skip=0 err=0)
  [70/1500] done (ok=70 skip=0 err=0)
  [80/1500] done (ok=80 skip=0 err=0)
  [90/1500] done (ok=90 skip=0 err=0)
  [100/1500] done (ok=100 skip=0 err=0)
  [110/1500] done (ok=110 skip=0 err=0)
  [120/1500] done (ok=120 skip=0 err=0)
  [130/1500] done (ok=130 skip=0 err=0)
  [140/1500] done (ok=140 skip=0 err=0)
  [150/1500] done (ok=150 skip=0 err=0)
  [160/1500] done (ok=160 skip=0 err=0)
  [170/1500] done (ok=170 skip=0 err=0)
  [180/1500] done (ok=180 skip=0 err=0)
  [190/1500] done (ok=190 skip=0 err=0)
  [200/1500] done (ok=200 skip=0 err=0)
  [210/1500] done (ok=210 skip=0 err=0)
  [220/1500] done (ok=220 skip=0 err=0)
  [230/1500] done (ok=230 skip=0 err=0)
  [240/1500] done (ok=240 skip=0 err=0)
  [250/1500] done (ok=250 skip=0 err=0)
  [260/1500] done (ok=260 skip=0 err=0)
  [270/1500] done (ok=270 skip=0 err=0)
  [280/1500] done (ok=280 skip=0 err=0)
  [290/1500] done (ok=290 skip=0 err=0)
  [300/1500] done (ok=300 skip=0 err=0)
  [310/1500] done (ok=310 skip=0 err=0)
  [320/1500] done (ok=320 skip=0 err=0)
  [330/1500] done (ok=330 skip=0 err=0)
  [340/1500] done (ok=340 skip=0 err=0)
  [350/1500] done (ok=350 skip=0 err=0)
  [360/1500] done (ok=360 skip=0 err=0)
  [370/1500] done (ok=370 skip=0 err=0)
  [380/1500] done (ok=380 skip=0 err=0)
  [390/1500] done (ok=390 skip=0 err=0)
  [400/1500] done (ok=400 skip=0 err=0)
  [410/1500] done (ok=410 skip=0 err=0)
  [420/1500] done (ok=420 skip=0 err=0)
  [430/1500] done (ok=430 skip=0 err=0)
  [440/1500] done (ok=440 skip=0 err=0)
  [450/1500] done (ok=450 skip=0 err=0)
  [460/1500] done (ok=460 skip=0 err=0)
  [470/1500] done (ok=470 skip=0 err=0)
  [480/1500] done (ok=480 skip=0 err=0)
  [490/1500] done (ok=490 skip=0 err=0)
  [500/1500] done (ok=500 skip=0 err=0)
  [510/1500] done (ok=510 skip=0 err=0)
  [520/1500] done (ok=520 skip=0 err=0)
  [530/1500] done (ok=530 skip=0 err=0)
  [540/1500] done (ok=540 skip=0 err=0)
  [550/1500] done (ok=550 skip=0 err=0)
  [560/1500] done (ok=560 skip=0 err=0)
  [570/1500] done (ok=570 skip=0 err=0)
  [580/1500] done (ok=580 skip=0 err=0)
  [590/1500] done (ok=590 skip=0 err=0)
  [600/1500] done (ok=600 skip=0 err=0)
  [610/1500] done (ok=610 skip=0 err=0)
  [620/1500] done (ok=620 skip=0 err=0)
  [630/1500] done (ok=630 skip=0 err=0)
  [640/1500] done (ok=640 skip=0 err=0)
  [650/1500] done (ok=650 skip=0 err=0)
  [660/1500] done (ok=660 skip=0 err=0)
  [670/1500] done (ok=670 skip=0 err=0)
  [680/1500] done (ok=680 skip=0 err=0)
  [690/1500] done (ok=690 skip=0 err=0)
  [700/1500] done (ok=700 skip=0 err=0)
  [710/1500] done (ok=710 skip=0 err=0)
  [720/1500] done (ok=720 skip=0 err=0)
  [730/1500] done (ok=730 skip=0 err=0)
  [740/1500] done (ok=740 skip=0 err=0)
  [750/1500] done (ok=750 skip=0 err=0)
  [760/1500] done (ok=760 skip=0 err=0)
  [770/1500] done (ok=770 skip=0 err=0)
  [780/1500] done (ok=780 skip=0 err=0)
  [790/1500] done (ok=790 skip=0 err=0)
  [800/1500] done (ok=800 skip=0 err=0)
  [810/1500] done (ok=810 skip=0 err=0)
  [820/1500] done (ok=820 skip=0 err=0)
  [830/1500] done (ok=830 skip=0 err=0)
  [840/1500] done (ok=840 skip=0 err=0)
  [850/1500] done (ok=850 skip=0 err=0)
  [860/1500] done (ok=860 skip=0 err=0)
  [870/1500] done (ok=870 skip=0 err=0)
  [880/1500] done (ok=880 skip=0 err=0)
  [890/1500] done (ok=890 skip=0 err=0)
  [900/1500] done (ok=900 skip=0 err=0)
  [910/1500] done (ok=910 skip=0 err=0)
  [920/1500] done (ok=920 skip=0 err=0)
  [930/1500] done (ok=930 skip=0 err=0)
  [940/1500] done (ok=940 skip=0 err=0)
  [950/1500] done (ok=950 skip=0 err=0)
  [960/1500] done (ok=960 skip=0 err=0)
  [970/1500] done (ok=970 skip=0 err=0)
  [980/1500] done (ok=980 skip=0 err=0)
  [990/1500] done (ok=990 skip=0 err=0)
  [1000/1500] done (ok=1000 skip=0 err=0)
  [1010/1500] done (ok=1010 skip=0 err=0)
  [1020/1500] done (ok=1020 skip=0 err=0)
  [1030/1500] done (ok=1030 skip=0 err=0)
  [1040/1500] done (ok=1040 skip=0 err=0)
  [1050/1500] done (ok=1050 skip=0 err=0)
  [1060/1500] done (ok=1060 skip=0 err=0)
  [1070/1500] done (ok=1070 skip=0 err=0)
  [1080/1500] done (ok=1080 skip=0 err=0)
  [1090/1500] done (ok=1090 skip=0 err=0)
  [1100/1500] done (ok=1100 skip=0 err=0)
  [1110/1500] done (ok=1110 skip=0 err=0)
  [1120/1500] done (ok=1120 skip=0 err=0)
  [1130/1500] done (ok=1130 skip=0 err=0)
  [1140/1500] done (ok=1140 skip=0 err=0)
  [1150/1500] done (ok=1150 skip=0 err=0)
  [1160/1500] done (ok=1160 skip=0 err=0)
  [1170/1500] done (ok=1170 skip=0 err=0)
  [1180/1500] done (ok=1180 skip=0 err=0)
  [1190/1500] done (ok=1190 skip=0 err=0)
  [1200/1500] done (ok=1200 skip=0 err=0)
  [1210/1500] done (ok=1210 skip=0 err=0)
  [1220/1500] done (ok=1220 skip=0 err=0)
  [1230/1500] done (ok=1230 skip=0 err=0)
  [1240/1500] done (ok=1240 skip=0 err=0)
  [1250/1500] done (ok=1250 skip=0 err=0)
  [1260/1500] done (ok=1260 skip=0 err=0)
  [1270/1500] done (ok=1270 skip=0 err=0)
  [1280/1500] done (ok=1280 skip=0 err=0)
  [1290/1500] done (ok=1290 skip=0 err=0)
  [1300/1500] done (ok=1300 skip=0 err=0)
  [1310/1500] done (ok=1310 skip=0 err=0)
  [1320/1500] done (ok=1320 skip=0 err=0)
  [1330/1500] done (ok=1330 skip=0 err=0)
  [1340/1500] done (ok=1340 skip=0 err=0)
  [1350/1500] done (ok=1350 skip=0 err=0)
  [1360/1500] done (ok=1360 skip=0 err=0)
  [1370/1500] done (ok=1370 skip=0 err=0)
  [1380/1500] done (ok=1380 skip=0 err=0)
  [1390/1500] done (ok=1390 skip=0 err=0)
  [1400/1500] done (ok=1400 skip=0 err=0)
  [1410/1500] done (ok=1410 skip=0 err=0)
  [1420/1500] done (ok=1420 skip=0 err=0)
  [1430/1500] done (ok=1430 skip=0 err=0)
  [1440/1500] done (ok=1440 skip=0 err=0)
  [1450/1500] done (ok=1450 skip=0 err=0)
  [1460/1500] done (ok=1460 skip=0 err=0)
  [1470/1500] done (ok=1470 skip=0 err=0)
  [1480/1500] done (ok=1480 skip=0 err=0)
  [1490/1500] done (ok=1490 skip=0 err=0)
  [1500/1500] done (ok=1500 skip=0 err=0)

wrote 1500 pairs to data/distill/train_v2.jsonl
avg input: 1350 tok | avg output: 49 tok | avg ratio: 3.61%
