Warning: You are sending unauthenticated requests to the HF Hub. Please set a HF_TOKEN to enable higher rate limits and faster downloads.
loading 5000 hotpotqa instances (streaming), then taking [2500:5000]...
loaded 2500 instances; compressing with 8 workers...
  [10/2500] done (ok=10 skip=0 err=0)
  [20/2500] done (ok=20 skip=0 err=0)
  [30/2500] done (ok=30 skip=0 err=0)
  [40/2500] done (ok=40 skip=0 err=0)
  [50/2500] done (ok=50 skip=0 err=0)
  [60/2500] done (ok=60 skip=0 err=0)
  [70/2500] done (ok=70 skip=0 err=0)
  [80/2500] done (ok=80 skip=0 err=0)
  [90/2500] done (ok=90 skip=0 err=0)
  [100/2500] done (ok=100 skip=0 err=0)
  [110/2500] done (ok=110 skip=0 err=0)
  [120/2500] done (ok=120 skip=0 err=0)
  [130/2500] done (ok=130 skip=0 err=0)
  [140/2500] done (ok=140 skip=0 err=0)
  [150/2500] done (ok=150 skip=0 err=0)
  [160/2500] done (ok=160 skip=0 err=0)
  [170/2500] done (ok=170 skip=0 err=0)
  [180/2500] done (ok=180 skip=0 err=0)
  [190/2500] done (ok=190 skip=0 err=0)
  [200/2500] done (ok=200 skip=0 err=0)
  [210/2500] done (ok=210 skip=0 err=0)
  [220/2500] done (ok=220 skip=0 err=0)
  [230/2500] done (ok=230 skip=0 err=0)
  [240/2500] done (ok=240 skip=0 err=0)
  [250/2500] done (ok=250 skip=0 err=0)
  [260/2500] done (ok=260 skip=0 err=0)
  [270/2500] done (ok=270 skip=0 err=0)
  [280/2500] done (ok=280 skip=0 err=0)
  [290/2500] done (ok=290 skip=0 err=0)
  [300/2500] done (ok=300 skip=0 err=0)
  [310/2500] done (ok=310 skip=0 err=0)
  [320/2500] done (ok=320 skip=0 err=0)
  [330/2500] done (ok=330 skip=0 err=0)
  [340/2500] done (ok=340 skip=0 err=0)
  [350/2500] done (ok=350 skip=0 err=0)
  [360/2500] done (ok=360 skip=0 err=0)
  [370/2500] done (ok=370 skip=0 err=0)
  [380/2500] done (ok=380 skip=0 err=0)
  [390/2500] done (ok=390 skip=0 err=0)
  [400/2500] done (ok=400 skip=0 err=0)
  [410/2500] done (ok=410 skip=0 err=0)
  [420/2500] done (ok=420 skip=0 err=0)
  [430/2500] done (ok=430 skip=0 err=0)
  [440/2500] done (ok=440 skip=0 err=0)
  [450/2500] done (ok=450 skip=0 err=0)
  [460/2500] done (ok=460 skip=0 err=0)
  [470/2500] done (ok=470 skip=0 err=0)
  [480/2500] done (ok=480 skip=0 err=0)
  [490/2500] done (ok=490 skip=0 err=0)
  [500/2500] done (ok=500 skip=0 err=0)
  [510/2500] done (ok=510 skip=0 err=0)
  [520/2500] done (ok=520 skip=0 err=0)
  [530/2500] done (ok=530 skip=0 err=0)
  [540/2500] done (ok=540 skip=0 err=0)
  [550/2500] done (ok=550 skip=0 err=0)
  [560/2500] done (ok=560 skip=0 err=0)
  [570/2500] done (ok=570 skip=0 err=0)
  [580/2500] done (ok=580 skip=0 err=0)
  [590/2500] done (ok=590 skip=0 err=0)
  [600/2500] done (ok=600 skip=0 err=0)
  [610/2500] done (ok=610 skip=0 err=0)
  [620/2500] done (ok=620 skip=0 err=0)
  [630/2500] done (ok=630 skip=0 err=0)
  [640/2500] done (ok=640 skip=0 err=0)
  [650/2500] done (ok=650 skip=0 err=0)
  [660/2500] done (ok=660 skip=0 err=0)
  [670/2500] done (ok=670 skip=0 err=0)
  [680/2500] done (ok=680 skip=0 err=0)
  [690/2500] done (ok=690 skip=0 err=0)
  [700/2500] done (ok=700 skip=0 err=0)
  [710/2500] done (ok=710 skip=0 err=0)
  [720/2500] done (ok=720 skip=0 err=0)
  [730/2500] done (ok=730 skip=0 err=0)
  [740/2500] done (ok=740 skip=0 err=0)
  [750/2500] done (ok=750 skip=0 err=0)
  [760/2500] done (ok=760 skip=0 err=0)
  [770/2500] done (ok=770 skip=0 err=0)
  [780/2500] done (ok=780 skip=0 err=0)
  [790/2500] done (ok=790 skip=0 err=0)
  [800/2500] done (ok=800 skip=0 err=0)
  [810/2500] done (ok=810 skip=0 err=0)
  [820/2500] done (ok=820 skip=0 err=0)
  [830/2500] done (ok=830 skip=0 err=0)
  [840/2500] done (ok=840 skip=0 err=0)
  [850/2500] done (ok=850 skip=0 err=0)
  [860/2500] done (ok=860 skip=0 err=0)
  [870/2500] done (ok=870 skip=0 err=0)
  [880/2500] done (ok=880 skip=0 err=0)
  [890/2500] done (ok=890 skip=0 err=0)
  [900/2500] done (ok=900 skip=0 err=0)
  [910/2500] done (ok=910 skip=0 err=0)
  [920/2500] done (ok=920 skip=0 err=0)
  [930/2500] done (ok=930 skip=0 err=0)
  [940/2500] done (ok=940 skip=0 err=0)
  [950/2500] done (ok=950 skip=0 err=0)
  [960/2500] done (ok=960 skip=0 err=0)
  [970/2500] done (ok=970 skip=0 err=0)
  [980/2500] done (ok=980 skip=0 err=0)
  [990/2500] done (ok=990 skip=0 err=0)
  [1000/2500] done (ok=1000 skip=0 err=0)
  [1010/2500] done (ok=1010 skip=0 err=0)
  [1020/2500] done (ok=1020 skip=0 err=0)
  [1030/2500] done (ok=1030 skip=0 err=0)
  [1040/2500] done (ok=1040 skip=0 err=0)
  [1050/2500] done (ok=1050 skip=0 err=0)
  [1060/2500] done (ok=1060 skip=0 err=0)
  [1070/2500] done (ok=1070 skip=0 err=0)
  [1080/2500] done (ok=1080 skip=0 err=0)
  [1090/2500] done (ok=1090 skip=0 err=0)
  [1100/2500] done (ok=1100 skip=0 err=0)
  [1110/2500] done (ok=1110 skip=0 err=0)
  [1120/2500] done (ok=1120 skip=0 err=0)
  [1130/2500] done (ok=1130 skip=0 err=0)
  [1140/2500] done (ok=1140 skip=0 err=0)
  [1150/2500] done (ok=1150 skip=0 err=0)
  [1160/2500] done (ok=1160 skip=0 err=0)
  [1170/2500] done (ok=1170 skip=0 err=0)
  [1180/2500] done (ok=1180 skip=0 err=0)
  [1190/2500] done (ok=1190 skip=0 err=0)
  [1200/2500] done (ok=1200 skip=0 err=0)
  [1210/2500] done (ok=1210 skip=0 err=0)
  [1220/2500] done (ok=1220 skip=0 err=0)
  [1230/2500] done (ok=1230 skip=0 err=0)
  [1240/2500] done (ok=1240 skip=0 err=0)
  [1250/2500] done (ok=1250 skip=0 err=0)
  [1260/2500] done (ok=1260 skip=0 err=0)
  [1270/2500] done (ok=1270 skip=0 err=0)
  [1280/2500] done (ok=1280 skip=0 err=0)
  [1290/2500] done (ok=1290 skip=0 err=0)
  [1300/2500] done (ok=1300 skip=0 err=0)
  [1310/2500] done (ok=1310 skip=0 err=0)
  [1320/2500] done (ok=1320 skip=0 err=0)
  [1330/2500] done (ok=1330 skip=0 err=0)
  [1340/2500] done (ok=1340 skip=0 err=0)
  [1350/2500] done (ok=1350 skip=0 err=0)
  [1360/2500] done (ok=1360 skip=0 err=0)
  [1370/2500] done (ok=1370 skip=0 err=0)
  [1380/2500] done (ok=1380 skip=0 err=0)
  [1390/2500] done (ok=1390 skip=0 err=0)
  [1400/2500] done (ok=1400 skip=0 err=0)
  [1410/2500] done (ok=1410 skip=0 err=0)
  [1420/2500] done (ok=1420 skip=0 err=0)
  [1430/2500] done (ok=1430 skip=0 err=0)
  [1440/2500] done (ok=1440 skip=0 err=0)
  [1450/2500] done (ok=1450 skip=0 err=0)
  [1460/2500] done (ok=1460 skip=0 err=0)
  [1470/2500] done (ok=1470 skip=0 err=0)
  [1480/2500] done (ok=1480 skip=0 err=0)
  [1490/2500] done (ok=1490 skip=0 err=0)
  [1500/2500] done (ok=1500 skip=0 err=0)
  [1510/2500] done (ok=1510 skip=0 err=0)
  [1520/2500] done (ok=1520 skip=0 err=0)
  [1530/2500] done (ok=1530 skip=0 err=0)
  [1540/2500] done (ok=1540 skip=0 err=0)
  [1550/2500] done (ok=1550 skip=0 err=0)
  [1560/2500] done (ok=1560 skip=0 err=0)
  [1570/2500] done (ok=1570 skip=0 err=0)
  [1580/2500] done (ok=1580 skip=0 err=0)
  [1590/2500] done (ok=1590 skip=0 err=0)
  [1600/2500] done (ok=1600 skip=0 err=0)
  [1610/2500] done (ok=1610 skip=0 err=0)
  [1620/2500] done (ok=1620 skip=0 err=0)
  [1630/2500] done (ok=1630 skip=0 err=0)
  [1640/2500] done (ok=1640 skip=0 err=0)
  [1650/2500] done (ok=1650 skip=0 err=0)
  [1660/2500] done (ok=1660 skip=0 err=0)
  [1670/2500] done (ok=1670 skip=0 err=0)
  [1680/2500] done (ok=1680 skip=0 err=0)
  [1690/2500] done (ok=1690 skip=0 err=0)
  [1700/2500] done (ok=1700 skip=0 err=0)
  [1710/2500] done (ok=1710 skip=0 err=0)
  [1720/2500] done (ok=1720 skip=0 err=0)
  [1730/2500] done (ok=1730 skip=0 err=0)
  [1740/2500] done (ok=1740 skip=0 err=0)
  [1750/2500] done (ok=1750 skip=0 err=0)
  [1760/2500] done (ok=1760 skip=0 err=0)
  [1770/2500] done (ok=1770 skip=0 err=0)
  [1780/2500] done (ok=1780 skip=0 err=0)
  [1790/2500] done (ok=1790 skip=0 err=0)
  [1800/2500] done (ok=1800 skip=0 err=0)
  [1810/2500] done (ok=1810 skip=0 err=0)
  [1820/2500] done (ok=1820 skip=0 err=0)
  [1830/2500] done (ok=1830 skip=0 err=0)
  [1840/2500] done (ok=1840 skip=0 err=0)
  [1850/2500] done (ok=1850 skip=0 err=0)
  [1860/2500] done (ok=1860 skip=0 err=0)
  [1870/2500] done (ok=1870 skip=0 err=0)
  [1880/2500] done (ok=1880 skip=0 err=0)
  [1890/2500] done (ok=1890 skip=0 err=0)
  [1900/2500] done (ok=1900 skip=0 err=0)
  [1910/2500] done (ok=1910 skip=0 err=0)
  [1920/2500] done (ok=1920 skip=0 err=0)
  [1930/2500] done (ok=1930 skip=0 err=0)
  [1940/2500] done (ok=1940 skip=0 err=0)
  [1950/2500] done (ok=1950 skip=0 err=0)
  [1960/2500] done (ok=1960 skip=0 err=0)
  [1970/2500] done (ok=1970 skip=0 err=0)
  [1980/2500] done (ok=1980 skip=0 err=0)
  [1990/2500] done (ok=1990 skip=0 err=0)
  [2000/2500] done (ok=2000 skip=0 err=0)
  [2010/2500] done (ok=2010 skip=0 err=0)
  [2020/2500] done (ok=2020 skip=0 err=0)
  [2030/2500] done (ok=2030 skip=0 err=0)
  [2040/2500] done (ok=2040 skip=0 err=0)
  [2050/2500] done (ok=2050 skip=0 err=0)
  [2060/2500] done (ok=2060 skip=0 err=0)
  [2070/2500] done (ok=2070 skip=0 err=0)
  [2080/2500] done (ok=2080 skip=0 err=0)
  [2090/2500] done (ok=2090 skip=0 err=0)
  [2100/2500] done (ok=2100 skip=0 err=0)
  [2110/2500] done (ok=2110 skip=0 err=0)
  [2120/2500] done (ok=2120 skip=0 err=0)
  [2130/2500] done (ok=2130 skip=0 err=0)
  [2140/2500] done (ok=2140 skip=0 err=0)
  [2150/2500] done (ok=2150 skip=0 err=0)
  [2160/2500] done (ok=2160 skip=0 err=0)
  [2170/2500] done (ok=2170 skip=0 err=0)
  [2180/2500] done (ok=2180 skip=0 err=0)
  [2190/2500] done (ok=2190 skip=0 err=0)
  [2200/2500] done (ok=2200 skip=0 err=0)
  [2210/2500] done (ok=2210 skip=0 err=0)
  [2220/2500] done (ok=2220 skip=0 err=0)
  [2230/2500] done (ok=2230 skip=0 err=0)
  [2240/2500] done (ok=2240 skip=0 err=0)
  [2250/2500] done (ok=2250 skip=0 err=0)
  [2260/2500] done (ok=2260 skip=0 err=0)
  [2270/2500] done (ok=2270 skip=0 err=0)
  [2280/2500] done (ok=2280 skip=0 err=0)
  [2290/2500] done (ok=2290 skip=0 err=0)
  [2300/2500] done (ok=2300 skip=0 err=0)
  [2310/2500] done (ok=2310 skip=0 err=0)
  [2320/2500] done (ok=2320 skip=0 err=0)
  [2330/2500] done (ok=2330 skip=0 err=0)
  [2340/2500] done (ok=2340 skip=0 err=0)
  [2350/2500] done (ok=2350 skip=0 err=0)
  [2360/2500] done (ok=2360 skip=0 err=0)
  [2370/2500] done (ok=2370 skip=0 err=0)
  [2380/2500] done (ok=2380 skip=0 err=0)
  [2390/2500] done (ok=2390 skip=0 err=0)
  [2400/2500] done (ok=2400 skip=0 err=0)
  [2410/2500] done (ok=2410 skip=0 err=0)
  [2420/2500] done (ok=2420 skip=0 err=0)
  [2430/2500] done (ok=2430 skip=0 err=0)
  [2440/2500] done (ok=2440 skip=0 err=0)
  [2450/2500] done (ok=2450 skip=0 err=0)
  [2460/2500] done (ok=2460 skip=0 err=0)
  [2470/2500] done (ok=2470 skip=0 err=0)
  [2480/2500] done (ok=2480 skip=0 err=0)
  [2490/2500] done (ok=2490 skip=0 err=0)
  [2500/2500] done (ok=2500 skip=0 err=0)

wrote 2500 pairs to data/distill/train_v3.jsonl
avg input: 1356 tok | avg output: 48 tok | avg ratio: 3.53%
